[2024-11-13 06:00:42,543][jax._src.xla_bridge][INFO] - Unable to initialize backend 'rocm': module 'jaxlib.xla_extension' has no attribute 'GpuAllocatorConfig'
[2024-11-13 06:00:42,544][jax._src.xla_bridge][INFO] - Unable to initialize backend 'tpu': INTERNAL: Failed to open libtpu.so: libtpu.so: cannot open shared object file: No such file or directory
[2024-11-13 06:00:46,419][root][INFO] - step=-1, T=Decimal('0'), err=(6.501884761416836, 1.0126811102426405), loss=(0, 0), training_time=0
[2024-11-13 06:00:49,696][root][INFO] - step=0, T=Decimal('0.2'), stage=0, iter=0, loss=0.01682403348157394, info=(1.851555404088103e-33,)
[2024-11-13 06:00:51,235][root][INFO] - step=0, T=Decimal('0.2'), stage=0, iter=1, loss=0.01905757187739917, info=(3.507670073534318e-32,)
[2024-11-13 06:00:51,431][root][INFO] - step=0, T=Decimal('0.2'), stage=0, iter=2, loss=0.018759510025511114, info=(2.0943174530274143e-32,)
[2024-11-13 06:00:51,564][root][INFO] - step=0, T=Decimal('0.2'), stage=0, iter=3, loss=0.018812163291034564, info=(4.538443510823516e-32,)
[2024-11-13 06:00:51,567][root][INFO] - step=0, T=Decimal('0.2'), stage=0, loss=6.0257135314659e-06
[2024-11-13 06:00:51,597][root][INFO] - step=0, T=Decimal('0.2'), err=(5.724162545069118, 1.0354496526648937), loss=[6.0257135314659e-06], training_time=5.148470676969737
[2024-11-13 06:00:51,756][root][INFO] - step=1, T=Decimal('0.4'), stage=0, iter=0, loss=0.01880589771691195, info=(8.557177553939934e-33,)
[2024-11-13 06:00:51,953][root][INFO] - step=1, T=Decimal('0.4'), stage=0, iter=1, loss=0.019468482989208155, info=(1.5659652135768048e-31,)
[2024-11-13 06:00:52,089][root][INFO] - step=1, T=Decimal('0.4'), stage=0, iter=2, loss=0.02116576415594483, info=(4.3326594126534535e-32,)
[2024-11-13 06:00:52,155][root][INFO] - step=1, T=Decimal('0.4'), stage=0, iter=3, loss=0.020473331761775453, info=(3.258107112724977e-32,)
[2024-11-13 06:00:52,157][root][INFO] - step=1, T=Decimal('0.4'), stage=0, loss=1.212772113884335e-05
[2024-11-13 06:00:52,178][root][INFO] - step=1, T=Decimal('0.4'), err=(5.252911459972642, 1.0686712373215372), loss=[1.212772113884335e-05], training_time=5.706998076988384
[2024-11-13 06:00:52,257][root][INFO] - step=2, T=Decimal('0.6'), stage=0, iter=0, loss=0.020466401581708888, info=(4.781758054082703e-31,)
[2024-11-13 06:00:52,449][root][INFO] - step=2, T=Decimal('0.6'), stage=0, iter=1, loss=0.026275856700953965, info=(1.6753163026294956e-29,)
[2024-11-13 06:00:52,648][root][INFO] - step=2, T=Decimal('0.6'), stage=0, iter=2, loss=1.3291452753723827, info=(6.233850043992606e-29,)
[2024-11-13 06:00:52,786][root][INFO] - step=2, T=Decimal('0.6'), stage=0, iter=3, loss=0.9971349762140356, info=(1.0515250088263762e-28,)
[2024-11-13 06:00:52,792][root][INFO] - step=2, T=Decimal('0.6'), stage=0, loss=0.3170412246206976
[2024-11-13 06:00:52,831][root][INFO] - step=2, T=Decimal('0.6'), err=(21.728248654626977, 4.951601284175774), loss=[0.3170412246206976], training_time=6.32077902299352
[2024-11-13 06:00:52,986][root][INFO] - step=3, T=Decimal('0.8'), stage=0, iter=0, loss=0.6991465811086404, info=(3.159006591281163e-30,)
[2024-11-13 06:00:53,181][root][INFO] - step=3, T=Decimal('0.8'), stage=0, iter=1, loss=0.4163325749486027, info=(2.6903448786363438e-27,)
[2024-11-13 06:00:53,317][root][INFO] - step=3, T=Decimal('0.8'), stage=0, iter=2, loss=162.76690572456067, info=(6.808752137869096e-23,)
[2024-11-13 06:00:53,542][root][INFO] - step=3, T=Decimal('0.8'), stage=0, iter=3, loss=265.0049625921822, info=(2.1148368218022463e-17,)
[2024-11-13 06:00:53,547][root][INFO] - step=3, T=Decimal('0.8'), stage=0, loss=255.15274134688121
[2024-11-13 06:00:53,586][root][INFO] - step=3, T=Decimal('0.8'), err=(509.8934506877532, 130.1975376986083), loss=[255.15274134688121], training_time=7.036451417021453
[2024-11-13 06:00:53,722][root][INFO] - step=4, T=Decimal('1.0'), stage=0, iter=0, loss=392.0592143136385, info=(1.702080846916631e-11,)
[2024-11-13 06:00:53,842][root][INFO] - step=4, T=Decimal('1.0'), stage=0, iter=1, loss=982302.5581418483, info=(15660.780673919224,)
[2024-11-13 06:00:53,935][root][INFO] - step=4, T=Decimal('1.0'), stage=0, iter=2, loss=797429735636.8317, info=(254024384545.36606,)
[2024-11-13 06:00:54,036][root][INFO] - step=4, T=Decimal('1.0'), stage=0, iter=3, loss=1462696329873.3538, info=(512795941152.94037,)
[2024-11-13 06:00:54,043][root][INFO] - step=4, T=Decimal('1.0'), stage=0, loss=445877340602.9752
[2024-11-13 06:00:54,088][root][INFO] - step=4, T=Decimal('1.0'), err=(20336266.186727434, 5822040.777402313), loss=[445877340602.9752], training_time=7.493316772859544
[2024-11-13 06:00:54,089][root][INFO] - Total time: 12.20 seconds
