[2024-11-13 09:03:37,353][jax._src.xla_bridge][INFO] - Unable to initialize backend 'rocm': module 'jaxlib.xla_extension' has no attribute 'GpuAllocatorConfig'
[2024-11-13 09:03:37,354][jax._src.xla_bridge][INFO] - Unable to initialize backend 'tpu': INTERNAL: Failed to open libtpu.so: libtpu.so: cannot open shared object file: No such file or directory
[2024-11-13 09:03:41,488][root][INFO] - step=-1, T=Decimal('0'), err=(6.501884761416838, 1.0126811102426405), loss=(0, 0), training_time=0
[2024-11-13 09:03:44,557][root][INFO] - step=0, T=Decimal('0.01'), stage=0, iter=0, loss=0.01680824813132864, info=(1.9401813021617056e-19,)
[2024-11-13 09:03:46,105][root][INFO] - step=0, T=Decimal('0.01'), stage=0, iter=1, loss=13168304389.970655, info=(1884452315.3732767,)
[2024-11-13 09:03:46,786][root][INFO] - step=0, T=Decimal('0.01'), stage=0, iter=2, loss=1270428561.4196143, info=(1613820079.719397,)
[2024-11-13 09:03:47,444][root][INFO] - step=0, T=Decimal('0.01'), stage=0, iter=3, loss=885905254.9637579, info=(1697519984.7747927,)
[2024-11-13 09:03:48,116][root][INFO] - step=0, T=Decimal('0.01'), stage=0, iter=4, loss=925635234.6021571, info=(1440800873.4721684,)
[2024-11-13 09:03:48,818][root][INFO] - step=0, T=Decimal('0.01'), stage=0, iter=5, loss=761189617.591911, info=(1458666301.8878624,)
[2024-11-13 09:03:48,969][root][INFO] - step=0, T=Decimal('0.01'), stage=0, loss=729333150.9439315
[2024-11-13 09:03:48,998][root][INFO] - step=0, T=Decimal('0.01'), err=(746523.8538508152, 117395.13981202384), loss=[729333150.9439315], training_time=7.480954817030579
[2024-11-13 09:03:49,045][root][INFO] - step=1, T=Decimal('0.02'), stage=0, iter=0, loss=30005416.915314768, info=(49617975.022578724,)
[2024-11-13 09:03:49,067][root][INFO] - step=1, T=Decimal('0.02'), stage=0, iter=1, loss=48562787.88631344, info=(95816027.31698397,)
[2024-11-13 09:03:49,092][root][INFO] - step=1, T=Decimal('0.02'), stage=0, iter=2, loss=71168598.32362553, info=(138566306.81020272,)
[2024-11-13 09:03:49,113][root][INFO] - step=1, T=Decimal('0.02'), stage=0, iter=3, loss=91861511.11648746, info=(128479487.33055536,)
[2024-11-13 09:03:49,129][root][INFO] - step=1, T=Decimal('0.02'), stage=0, iter=4, loss=79561468.26108564, info=(154933272.27227688,)
[2024-11-13 09:03:49,156][root][INFO] - step=1, T=Decimal('0.02'), stage=0, iter=5, loss=92338251.98279202, info=(93439159.70882437,)
[2024-11-13 09:03:49,159][root][INFO] - step=1, T=Decimal('0.02'), stage=0, loss=46719579.854412265
[2024-11-13 09:03:49,178][root][INFO] - step=1, T=Decimal('0.02'), err=(708257.4245208508, 112411.74508858618), loss=[46719579.854412265], training_time=7.640085380990058
[2024-11-13 09:03:49,219][root][INFO] - step=2, T=Decimal('0.03'), stage=0, iter=0, loss=6744284.068649006, info=(13449395.042653034,)
[2024-11-13 09:03:49,238][root][INFO] - step=2, T=Decimal('0.03'), stage=0, iter=1, loss=13443089.806601325, info=(18700304.87441699,)
[2024-11-13 09:03:49,257][root][INFO] - step=2, T=Decimal('0.03'), stage=0, iter=2, loss=13551217.453634206, info=(20574170.81618237,)
[2024-11-13 09:03:49,277][root][INFO] - step=2, T=Decimal('0.03'), stage=0, iter=3, loss=13390779.111850925, info=(22853640.3869985,)
[2024-11-13 09:03:49,299][root][INFO] - step=2, T=Decimal('0.03'), stage=0, iter=4, loss=14041939.528609462, info=(22277249.343492486,)
[2024-11-13 09:03:49,321][root][INFO] - step=2, T=Decimal('0.03'), stage=0, iter=5, loss=13097931.55021473, info=(22603202.083086014,)
[2024-11-13 09:03:49,324][root][INFO] - step=2, T=Decimal('0.03'), stage=0, loss=11301601.041543825
[2024-11-13 09:03:49,343][root][INFO] - step=2, T=Decimal('0.03'), err=(684077.8578321974, 109546.0750047538), loss=[11301601.041543825], training_time=7.784772005164996
[2024-11-13 09:03:49,386][root][INFO] - step=3, T=Decimal('0.04'), stage=0, iter=0, loss=1637038.5957267112, info=(1920690.838591671,)
[2024-11-13 09:03:49,406][root][INFO] - step=3, T=Decimal('0.04'), stage=0, iter=1, loss=1683203.2496690718, info=(3115375.777249051,)
[2024-11-13 09:03:49,436][root][INFO] - step=3, T=Decimal('0.04'), stage=0, iter=2, loss=2221983.4777216706, info=(2771553.0383648975,)
[2024-11-13 09:03:49,456][root][INFO] - step=3, T=Decimal('0.04'), stage=0, iter=3, loss=1701638.1800889128, info=(3052420.5321792797,)
[2024-11-13 09:03:49,542][root][INFO] - step=3, T=Decimal('0.04'), stage=0, iter=4, loss=1801385.8908924372, info=(3437968.4709437406,)
[2024-11-13 09:03:49,566][root][INFO] - step=3, T=Decimal('0.04'), stage=0, iter=5, loss=1974279.3025449137, info=(3653535.276868947,)
[2024-11-13 09:03:49,569][root][INFO] - step=3, T=Decimal('0.04'), stage=0, loss=1826767.6384388325
[2024-11-13 09:03:49,588][root][INFO] - step=3, T=Decimal('0.04'), err=(686582.419380896, 110898.29646906034), loss=[1826767.6384388325], training_time=8.01039462722838
[2024-11-13 09:03:49,630][root][INFO] - step=4, T=Decimal('0.05'), stage=0, iter=0, loss=228295.58014915365, info=(398419.80090816243,)
[2024-11-13 09:03:49,650][root][INFO] - step=4, T=Decimal('0.05'), stage=0, iter=1, loss=391518.94361022, info=(485396.9719894172,)
[2024-11-13 09:03:49,671][root][INFO] - step=4, T=Decimal('0.05'), stage=0, iter=2, loss=346005.00942909974, info=(627958.6753838902,)
[2024-11-13 09:03:49,691][root][INFO] - step=4, T=Decimal('0.05'), stage=0, iter=3, loss=405393.623631063, info=(723200.0746146898,)
[2024-11-13 09:03:49,715][root][INFO] - step=4, T=Decimal('0.05'), stage=0, iter=4, loss=445383.4741794883, info=(888090.0286551306,)
[2024-11-13 09:03:49,736][root][INFO] - step=4, T=Decimal('0.05'), stage=0, iter=5, loss=527632.5340800043, info=(1036730.4279008486,)
[2024-11-13 09:03:49,739][root][INFO] - step=4, T=Decimal('0.05'), stage=0, loss=518365.2139807641
[2024-11-13 09:03:49,758][root][INFO] - step=4, T=Decimal('0.05'), err=(686816.3007758661, 111865.42629598771), loss=[518365.2139807641], training_time=8.160710526164621
[2024-11-13 09:03:49,801][root][INFO] - step=5, T=Decimal('0.06'), stage=0, iter=0, loss=83581.95386604225, info=(158781.11698493295,)
[2024-11-13 09:03:49,822][root][INFO] - step=5, T=Decimal('0.06'), stage=0, iter=1, loss=158175.2904515306, info=(299820.5336417896,)
[2024-11-13 09:03:49,842][root][INFO] - step=5, T=Decimal('0.06'), stage=0, iter=2, loss=222739.85950591066, info=(318866.8365629178,)
[2024-11-13 09:03:49,862][root][INFO] - step=5, T=Decimal('0.06'), stage=0, iter=3, loss=210126.86955275273, info=(361414.04449010856,)
[2024-11-13 09:03:49,884][root][INFO] - step=5, T=Decimal('0.06'), stage=0, iter=4, loss=222954.5746448476, info=(445383.18205176597,)
[2024-11-13 09:03:49,899][root][INFO] - step=5, T=Decimal('0.06'), stage=0, iter=5, loss=264917.39902663336, info=(528937.1115116812,)
[2024-11-13 09:03:49,902][root][INFO] - step=5, T=Decimal('0.06'), stage=0, loss=264468.5557558589
[2024-11-13 09:03:49,921][root][INFO] - step=5, T=Decimal('0.06'), err=(686208.9016363474, 112675.01502543683), loss=[264468.5557558589], training_time=8.304332743166015
[2024-11-13 09:03:49,966][root][INFO] - step=6, T=Decimal('0.07'), stage=0, iter=0, loss=42090.811441730664, info=(40262.93085640762,)
[2024-11-13 09:03:49,991][root][INFO] - step=6, T=Decimal('0.07'), stage=0, iter=1, loss=33093.42891896947, info=(38887.76738662102,)
[2024-11-13 09:03:50,009][root][INFO] - step=6, T=Decimal('0.07'), stage=0, iter=2, loss=22436.591096997043, info=(43705.87953082697,)
[2024-11-13 09:03:50,029][root][INFO] - step=6, T=Decimal('0.07'), stage=0, iter=3, loss=24673.768210297134, info=(48277.54470301564,)
[2024-11-13 09:03:50,050][root][INFO] - step=6, T=Decimal('0.07'), stage=0, iter=4, loss=26781.530365391493, info=(52010.64307323289,)
[2024-11-13 09:03:50,077][root][INFO] - step=6, T=Decimal('0.07'), stage=0, iter=5, loss=28393.71544541223, info=(54498.446489722104,)
[2024-11-13 09:03:50,080][root][INFO] - step=6, T=Decimal('0.07'), stage=0, loss=27249.223244942154
[2024-11-13 09:03:50,100][root][INFO] - step=6, T=Decimal('0.07'), err=(685541.0894346167, 113454.90384320557), loss=[27249.223244942154], training_time=8.462818971136585
[2024-11-13 09:03:50,144][root][INFO] - step=7, T=Decimal('0.08'), stage=0, iter=0, loss=2063.6209166050585, info=(3743.4455840358414,)
[2024-11-13 09:03:50,165][root][INFO] - step=7, T=Decimal('0.08'), stage=0, iter=1, loss=3706.145767626991, info=(4660.221621385169,)
[2024-11-13 09:03:50,186][root][INFO] - step=7, T=Decimal('0.08'), stage=0, iter=2, loss=3422.9480195964143, info=(6503.649886265134,)
[2024-11-13 09:03:50,205][root][INFO] - step=7, T=Decimal('0.08'), stage=0, iter=3, loss=4282.7097175113, info=(8465.633292287013,)
[2024-11-13 09:03:50,219][root][INFO] - step=7, T=Decimal('0.08'), stage=0, iter=4, loss=5251.690193417078, info=(10499.971222214577,)
[2024-11-13 09:03:50,245][root][INFO] - step=7, T=Decimal('0.08'), stage=0, iter=5, loss=6268.891700172952, info=(11853.19167920406,)
[2024-11-13 09:03:50,248][root][INFO] - step=7, T=Decimal('0.08'), stage=0, loss=5926.595859564948
[2024-11-13 09:03:50,267][root][INFO] - step=7, T=Decimal('0.08'), err=(685448.6123194371, 114312.67285814704), loss=[5926.595859564948], training_time=8.609974209219217
[2024-11-13 09:03:50,309][root][INFO] - step=8, T=Decimal('0.09'), stage=0, iter=0, loss=955.1093923898047, info=(1891.5264806877647,)
[2024-11-13 09:03:50,328][root][INFO] - step=8, T=Decimal('0.09'), stage=0, iter=1, loss=1889.6490108479056, info=(3754.9153486533514,)
[2024-11-13 09:03:50,350][root][INFO] - step=8, T=Decimal('0.09'), stage=0, iter=2, loss=2813.7448247356206, info=(3075.22454223928,)
[2024-11-13 09:03:50,369][root][INFO] - step=8, T=Decimal('0.09'), stage=0, iter=3, loss=1986.2763702192963, info=(3716.819151973643,)
[2024-11-13 09:03:50,392][root][INFO] - step=8, T=Decimal('0.09'), stage=0, iter=4, loss=2300.666627662816, info=(3864.8778973631133,)
[2024-11-13 09:03:50,415][root][INFO] - step=8, T=Decimal('0.09'), stage=0, iter=5, loss=2295.7994590160133, info=(4487.58850011416,)
[2024-11-13 09:03:50,418][root][INFO] - step=8, T=Decimal('0.09'), stage=0, loss=2243.7942520013357
[2024-11-13 09:03:50,437][root][INFO] - step=8, T=Decimal('0.09'), err=(685403.6892473806, 115163.44835326921), loss=[2243.7942520013357], training_time=8.760697029298171
[2024-11-13 09:03:50,481][root][INFO] - step=9, T=Decimal('0.10'), stage=0, iter=0, loss=355.1011303932656, info=(703.5694257148912,)
[2024-11-13 09:03:50,498][root][INFO] - step=9, T=Decimal('0.10'), stage=0, iter=1, loss=702.5740812013075, info=(1364.9320938184524,)
[2024-11-13 09:03:50,517][root][INFO] - step=9, T=Decimal('0.10'), stage=0, iter=2, loss=1021.5385054350922, info=(1909.2922839299292,)
[2024-11-13 09:03:50,538][root][INFO] - step=9, T=Decimal('0.10'), stage=0, iter=3, loss=1264.1581749668446, info=(2320.627372049978,)
[2024-11-13 09:03:50,561][root][INFO] - step=9, T=Decimal('0.10'), stage=0, iter=4, loss=1443.248862579288, info=(2218.1355101493327,)
[2024-11-13 09:03:50,583][root][INFO] - step=9, T=Decimal('0.10'), stage=0, iter=5, loss=1324.597285445474, info=(2438.9460057226697,)
[2024-11-13 09:03:50,585][root][INFO] - step=9, T=Decimal('0.10'), stage=0, loss=1219.4730030045716
[2024-11-13 09:03:50,605][root][INFO] - step=9, T=Decimal('0.10'), err=(685443.2718879562, 116015.1403950453), loss=[1219.4730030045716], training_time=8.908741280203685
[2024-11-13 09:03:50,606][root][INFO] - Total time: 13.73 seconds
