[2024-11-13 06:25:41,995][jax._src.xla_bridge][INFO] - Unable to initialize backend 'rocm': module 'jaxlib.xla_extension' has no attribute 'GpuAllocatorConfig'
[2024-11-13 06:25:41,996][jax._src.xla_bridge][INFO] - Unable to initialize backend 'tpu': INTERNAL: Failed to open libtpu.so: libtpu.so: cannot open shared object file: No such file or directory
[2024-11-13 06:25:46,116][root][INFO] - step=-1, T=Decimal('0'), err=(6.501884761416838, 1.0126811102426405), loss=(0, 0), training_time=0
[2024-11-13 06:25:49,162][root][INFO] - step=0, T=Decimal('0.2'), stage=0, iter=0, loss=0.01682403348157394, info=(1.851555404088103e-33,)
[2024-11-13 06:25:50,518][root][INFO] - step=0, T=Decimal('0.2'), stage=0, iter=1, loss=0.01905757187739917, info=(3.507670073534318e-32,)
[2024-11-13 06:25:50,569][root][INFO] - step=0, T=Decimal('0.2'), stage=0, iter=2, loss=0.018759510025511114, info=(2.0943174530274143e-32,)
[2024-11-13 06:25:50,620][root][INFO] - step=0, T=Decimal('0.2'), stage=0, iter=3, loss=0.018812163291034564, info=(4.538443510823516e-32,)
[2024-11-13 06:25:50,671][root][INFO] - step=0, T=Decimal('0.2'), stage=0, iter=4, loss=0.018797814660377735, info=(2.4359722412316234e-32,)
[2024-11-13 06:25:50,721][root][INFO] - step=0, T=Decimal('0.2'), stage=0, iter=5, loss=0.018777898535234074, info=(1.5412385447578974e-32,)
[2024-11-13 06:25:50,724][root][INFO] - step=0, T=Decimal('0.2'), stage=0, loss=5.348551664699266e-06
[2024-11-13 06:25:50,744][root][INFO] - step=0, T=Decimal('0.2'), err=(5.721578438526829, 1.034982210973538), loss=[5.348551664699266e-06], training_time=4.607570102903992
[2024-11-13 06:25:50,794][root][INFO] - step=1, T=Decimal('0.4'), stage=0, iter=0, loss=0.018814947562129744, info=(6.114857381240562e-32,)
[2024-11-13 06:25:50,844][root][INFO] - step=1, T=Decimal('0.4'), stage=0, iter=1, loss=0.019563115353957005, info=(2.641741116749844e-31,)
[2024-11-13 06:25:50,895][root][INFO] - step=1, T=Decimal('0.4'), stage=0, iter=2, loss=0.020440595333144147, info=(9.257695097471587e-32,)
[2024-11-13 06:25:50,945][root][INFO] - step=1, T=Decimal('0.4'), stage=0, iter=3, loss=0.02103946624116282, info=(7.381860020338995e-32,)
[2024-11-13 06:25:50,996][root][INFO] - step=1, T=Decimal('0.4'), stage=0, iter=4, loss=0.02108337160213354, info=(3.4640125806867624e-31,)
[2024-11-13 06:25:51,046][root][INFO] - step=1, T=Decimal('0.4'), stage=0, iter=5, loss=0.021022901693752098, info=(3.6626579604390003e-31,)
[2024-11-13 06:25:51,049][root][INFO] - step=1, T=Decimal('0.4'), stage=0, loss=0.00017314676438745855
[2024-11-13 06:25:51,065][root][INFO] - step=1, T=Decimal('0.4'), err=(5.49539989512762, 1.1180039584244705), loss=[0.00017314676438745855], training_time=4.9104592078365386
[2024-11-13 06:25:51,115][root][INFO] - step=2, T=Decimal('0.6'), stage=0, iter=0, loss=0.020901187188380257, info=(7.991455521501695e-31,)
[2024-11-13 06:25:51,166][root][INFO] - step=2, T=Decimal('0.6'), stage=0, iter=1, loss=0.03214465582251721, info=(4.559329188986357e-30,)
[2024-11-13 06:25:51,218][root][INFO] - step=2, T=Decimal('0.6'), stage=0, iter=2, loss=0.277764605964339, info=(1.3977327580151084e-29,)
[2024-11-13 06:25:51,269][root][INFO] - step=2, T=Decimal('0.6'), stage=0, iter=3, loss=0.1823001787659445, info=(1.0992726640076244e-29,)
[2024-11-13 06:25:51,320][root][INFO] - step=2, T=Decimal('0.6'), stage=0, iter=4, loss=0.18420474116749241, info=(1.075992985804844e-29,)
[2024-11-13 06:25:51,371][root][INFO] - step=2, T=Decimal('0.6'), stage=0, iter=5, loss=0.16595412005708662, info=(2.9136214496543554e-29,)
[2024-11-13 06:25:51,373][root][INFO] - step=2, T=Decimal('0.6'), stage=0, loss=0.04481535575444694
[2024-11-13 06:25:51,397][root][INFO] - step=2, T=Decimal('0.6'), err=(3.9711696852745497, 0.9049808489327108), loss=[0.04481535575444694], training_time=5.217951779719442
[2024-11-13 06:25:51,446][root][INFO] - step=3, T=Decimal('0.8'), stage=0, iter=0, loss=0.0998749307597567, info=(3.7099880649805095e-30,)
[2024-11-13 06:25:51,496][root][INFO] - step=3, T=Decimal('0.8'), stage=0, iter=1, loss=0.08304704584169217, info=(1.723052845157349e-28,)
[2024-11-13 06:25:51,556][root][INFO] - step=3, T=Decimal('0.8'), stage=0, iter=2, loss=16.25881266923745, info=(3.374599041115759e-27,)
[2024-11-13 06:25:51,615][root][INFO] - step=3, T=Decimal('0.8'), stage=0, iter=3, loss=13.19376187763946, info=(2.330141039627318e-27,)
[2024-11-13 06:25:51,674][root][INFO] - step=3, T=Decimal('0.8'), stage=0, iter=4, loss=10.461568572613551, info=(2.9864455793800005e-27,)
[2024-11-13 06:25:51,735][root][INFO] - step=3, T=Decimal('0.8'), stage=0, iter=5, loss=3.5007699831301458, info=(1.8373427521422617e-27,)
[2024-11-13 06:25:51,737][root][INFO] - step=3, T=Decimal('0.8'), stage=0, loss=0.45472340183809495
[2024-11-13 06:25:51,756][root][INFO] - step=3, T=Decimal('0.8'), err=(24.455214660990414, 6.244458971687536), loss=[0.45472340183809495], training_time=5.558395658619702
[2024-11-13 06:25:51,801][root][INFO] - step=4, T=Decimal('1.0'), stage=0, iter=0, loss=1.814322171872855, info=(7.975945160363217e-28,)
[2024-11-13 06:25:51,851][root][INFO] - step=4, T=Decimal('1.0'), stage=0, iter=1, loss=68.05600263880594, info=(4.236756933318842e-24,)
[2024-11-13 06:25:51,897][root][INFO] - step=4, T=Decimal('1.0'), stage=0, iter=2, loss=37.3684611940252, info=(8.37729530334424e-25,)
[2024-11-13 06:25:51,937][root][INFO] - step=4, T=Decimal('1.0'), stage=0, iter=3, loss=117.77393030668756, info=(2.430589658828406e-23,)
[2024-11-13 06:25:51,978][root][INFO] - step=4, T=Decimal('1.0'), stage=0, iter=4, loss=170.58632468216135, info=(3.7205473256366515e-21,)
[2024-11-13 06:25:52,030][root][INFO] - step=4, T=Decimal('1.0'), stage=0, iter=5, loss=1048.717717829496, info=(1.0481093881015334e-16,)
[2024-11-13 06:25:52,033][root][INFO] - step=4, T=Decimal('1.0'), stage=0, loss=349.81636330951847
[2024-11-13 06:25:52,051][root][INFO] - step=4, T=Decimal('1.0'), err=(579.0887609315113, 165.78649929744964), loss=[349.81636330951847], training_time=5.83435520157218
[2024-11-13 06:25:52,093][root][INFO] - step=5, T=Decimal('1.2'), stage=0, iter=0, loss=543.0925177236425, info=(6.196255891478165e-29,)
[2024-11-13 06:25:52,117][root][INFO] - step=5, T=Decimal('1.2'), stage=0, iter=1, loss=507.2302958117735, info=(2.0052782580959897e-28,)
[2024-11-13 06:25:52,144][root][INFO] - step=5, T=Decimal('1.2'), stage=0, iter=2, loss=543.092531078209, info=(1.5155281399339155e-27,)
[2024-11-13 06:25:52,172][root][INFO] - step=5, T=Decimal('1.2'), stage=0, iter=3, loss=473.1841633615079, info=(0.5235961046372637,)
[2024-11-13 06:25:52,192][root][INFO] - step=5, T=Decimal('1.2'), stage=0, iter=4, loss=581.3930080581289, info=(0.15372583194276218,)
[2024-11-13 06:25:52,207][root][INFO] - step=5, T=Decimal('1.2'), stage=0, iter=5, loss=476.8462491529747, info=(0.4794711781617143,)
[2024-11-13 06:25:52,209][root][INFO] - step=5, T=Decimal('1.2'), stage=0, loss=5.909836294822497
[2024-11-13 06:25:52,228][root][INFO] - step=5, T=Decimal('1.2'), err=(543.3392652643884, 174.48065970388797), loss=[5.909836294822497], training_time=5.99200674565509
[2024-11-13 06:25:52,271][root][INFO] - step=6, T=Decimal('1.4'), stage=0, iter=0, loss=503.7067774221557, info=(7.09235257600266e-29,)
[2024-11-13 06:25:52,291][root][INFO] - step=6, T=Decimal('1.4'), stage=0, iter=1, loss=488.8402723763471, info=(2.7665598465133766e-29,)
[2024-11-13 06:25:52,307][root][INFO] - step=6, T=Decimal('1.4'), stage=0, iter=2, loss=527.00246229434, info=(4.217940652603598e-29,)
[2024-11-13 06:25:52,325][root][INFO] - step=6, T=Decimal('1.4'), stage=0, iter=3, loss=514.9605925410114, info=(2.5054037460544677e-29,)
[2024-11-13 06:25:52,344][root][INFO] - step=6, T=Decimal('1.4'), stage=0, iter=4, loss=533.6875555869455, info=(1.5156298290349788e-29,)
[2024-11-13 06:25:52,362][root][INFO] - step=6, T=Decimal('1.4'), stage=0, iter=5, loss=507.83013081037865, info=(1.8905159445698436e-28,)
[2024-11-13 06:25:52,365][root][INFO] - step=6, T=Decimal('1.4'), stage=0, loss=0.10867803181617255
[2024-11-13 06:25:52,384][root][INFO] - step=6, T=Decimal('1.4'), err=(539.1526950549786, 194.2532990018392), loss=[0.10867803181617255], training_time=6.127816881751642
[2024-11-13 06:25:52,428][root][INFO] - step=7, T=Decimal('1.6'), stage=0, iter=0, loss=518.4805611143084, info=(5.724634166696621e-29,)
[2024-11-13 06:25:52,450][root][INFO] - step=7, T=Decimal('1.6'), stage=0, iter=1, loss=452.31930957374243, info=(1.9404129375690281e-29,)
[2024-11-13 06:25:52,470][root][INFO] - step=7, T=Decimal('1.6'), stage=0, iter=2, loss=465.0880631897842, info=(5.250624288784033e-29,)
[2024-11-13 06:25:52,488][root][INFO] - step=7, T=Decimal('1.6'), stage=0, iter=3, loss=424.5689532137734, info=(2.1816934410018608e-30,)
[2024-11-13 06:25:52,501][root][INFO] - step=7, T=Decimal('1.6'), stage=0, iter=4, loss=437.18972904797, info=(3.787764940225265e-29,)
[2024-11-13 06:25:52,523][root][INFO] - step=7, T=Decimal('1.6'), stage=0, iter=5, loss=428.9048951279384, info=(1.7964304149266384e-29,)
[2024-11-13 06:25:52,526][root][INFO] - step=7, T=Decimal('1.6'), stage=0, loss=1.367041015294515
[2024-11-13 06:25:52,547][root][INFO] - step=7, T=Decimal('1.6'), err=(521.0586115440639, 210.6588858347487), loss=[1.367041015294515], training_time=6.2698133087251335
[2024-11-13 06:25:52,593][root][INFO] - step=8, T=Decimal('1.8'), stage=0, iter=0, loss=438.59119405568265, info=(2.6998456332398027e-29,)
[2024-11-13 06:25:52,613][root][INFO] - step=8, T=Decimal('1.8'), stage=0, iter=1, loss=417.44361408453256, info=(7.784608835213209e-30,)
[2024-11-13 06:25:52,631][root][INFO] - step=8, T=Decimal('1.8'), stage=0, iter=2, loss=441.1479594823637, info=(9.551842152182935e-30,)
[2024-11-13 06:25:52,648][root][INFO] - step=8, T=Decimal('1.8'), stage=0, iter=3, loss=426.6015889296677, info=(1.540743955509789e-31,)
[2024-11-13 06:25:52,668][root][INFO] - step=8, T=Decimal('1.8'), stage=0, iter=4, loss=444.0952107509821, info=(3.981205343839519e-29,)
[2024-11-13 06:25:52,687][root][INFO] - step=8, T=Decimal('1.8'), stage=0, iter=5, loss=430.9369635239379, info=(9.12428570452897e-29,)
[2024-11-13 06:25:52,690][root][INFO] - step=8, T=Decimal('1.8'), stage=0, loss=0.2311171946288389
[2024-11-13 06:25:52,710][root][INFO] - step=8, T=Decimal('1.8'), err=(514.8636236359451, 233.58785748054308), loss=[0.2311171946288389], training_time=6.412537827622145
[2024-11-13 06:25:52,756][root][INFO] - step=9, T=Decimal('2.0'), stage=0, iter=0, loss=444.9475674240445, info=(1.4513808060902207e-29,)
[2024-11-13 06:25:52,776][root][INFO] - step=9, T=Decimal('2.0'), stage=0, iter=1, loss=419.505659182942, info=(6.344783608789308e-30,)
[2024-11-13 06:25:52,795][root][INFO] - step=9, T=Decimal('2.0'), stage=0, iter=2, loss=425.65747051822524, info=(2.2433231992222523e-29,)
[2024-11-13 06:25:52,815][root][INFO] - step=9, T=Decimal('2.0'), stage=0, iter=3, loss=419.50565910845444, info=(1.598213705050304e-29,)
[2024-11-13 06:25:52,836][root][INFO] - step=9, T=Decimal('2.0'), stage=0, iter=4, loss=432.6882080231748, info=(3.878976982391444e-29,)
[2024-11-13 06:25:52,855][root][INFO] - step=9, T=Decimal('2.0'), stage=0, iter=5, loss=419.23566629002875, info=(3.743160402713256e-29,)
[2024-11-13 06:25:52,857][root][INFO] - step=9, T=Decimal('2.0'), stage=0, loss=0.21382371736688097
[2024-11-13 06:25:52,878][root][INFO] - step=9, T=Decimal('2.0'), err=(509.22838053218004, 259.2690440529385), loss=[0.21382371736688097], training_time=6.558954226784408
[2024-11-13 06:25:52,923][root][INFO] - step=10, T=Decimal('2.2'), stage=0, iter=0, loss=424.4752955819387, info=(2.565184611528247e-29,)
[2024-11-13 06:25:52,942][root][INFO] - step=10, T=Decimal('2.2'), stage=0, iter=1, loss=411.7506869578131, info=(8.35160261084081e-29,)
[2024-11-13 06:25:52,964][root][INFO] - step=10, T=Decimal('2.2'), stage=0, iter=2, loss=421.77467843838525, info=(8.193676355401056e-30,)
[2024-11-13 06:25:52,981][root][INFO] - step=10, T=Decimal('2.2'), stage=0, iter=3, loss=412.37474068136686, info=(3.112302790129773e-29,)
[2024-11-13 06:25:53,000][root][INFO] - step=10, T=Decimal('2.2'), stage=0, iter=4, loss=428.67768737990747, info=(6.541998835094563e-30,)
[2024-11-13 06:25:53,022][root][INFO] - step=10, T=Decimal('2.2'), stage=0, iter=5, loss=414.87984532803915, info=(1.4887438470113333e-30,)
[2024-11-13 06:25:53,025][root][INFO] - step=10, T=Decimal('2.2'), stage=0, loss=0.3834323625559126
[2024-11-13 06:25:53,046][root][INFO] - step=10, T=Decimal('2.2'), err=(502.5800815372239, 287.1662768353755), loss=[0.3834323625559126], training_time=6.705647180788219
[2024-11-13 06:25:53,091][root][INFO] - step=11, T=Decimal('2.4'), stage=0, iter=0, loss=417.6727978402537, info=(2.008436783204785e-29,)
[2024-11-13 06:25:53,110][root][INFO] - step=11, T=Decimal('2.4'), stage=0, iter=1, loss=406.1172014521665, info=(1.3729954573536604e-30,)
[2024-11-13 06:25:53,130][root][INFO] - step=11, T=Decimal('2.4'), stage=0, iter=2, loss=421.6632165886658, info=(6.249450076542141e-30,)
[2024-11-13 06:25:53,149][root][INFO] - step=11, T=Decimal('2.4'), stage=0, iter=3, loss=411.33793097850355, info=(1.1282675393203745e-29,)
[2024-11-13 06:25:53,168][root][INFO] - step=11, T=Decimal('2.4'), stage=0, iter=4, loss=420.5450951953429, info=(9.329204650611769e-31,)
[2024-11-13 06:25:53,186][root][INFO] - step=11, T=Decimal('2.4'), stage=0, iter=5, loss=417.48747880398594, info=(1.8540446092129823e-30,)
[2024-11-13 06:25:53,189][root][INFO] - step=11, T=Decimal('2.4'), stage=0, loss=0.6346680941093821
[2024-11-13 06:25:53,209][root][INFO] - step=11, T=Decimal('2.4'), err=(494.7849911389433, 317.28070332767555), loss=[0.6346680941093821], training_time=6.847990217851475
[2024-11-13 06:25:53,254][root][INFO] - step=12, T=Decimal('2.6'), stage=0, iter=0, loss=418.9698542979305, info=(2.981455109708104e-29,)
[2024-11-13 06:25:53,273][root][INFO] - step=12, T=Decimal('2.6'), stage=0, iter=1, loss=416.2181420724766, info=(0.21116585603226468,)
[2024-11-13 06:25:53,292][root][INFO] - step=12, T=Decimal('2.6'), stage=0, iter=2, loss=419.5179402525003, info=(0.19987415929737473,)
[2024-11-13 06:25:53,312][root][INFO] - step=12, T=Decimal('2.6'), stage=0, iter=3, loss=418.81256695105634, info=(0.19932687402954943,)
[2024-11-13 06:25:53,325][root][INFO] - step=12, T=Decimal('2.6'), stage=0, iter=4, loss=421.37877839269134, info=(0.19932687402954954,)
[2024-11-13 06:25:53,344][root][INFO] - step=12, T=Decimal('2.6'), stage=0, iter=5, loss=409.49602752287086, info=(0.1975988215144117,)
[2024-11-13 06:25:53,347][root][INFO] - step=12, T=Decimal('2.6'), stage=0, loss=0.19637490346768338
[2024-11-13 06:25:53,367][root][INFO] - step=12, T=Decimal('2.6'), err=(492.92012497122994, 354.7414044847292), loss=[0.19637490346768338], training_time=6.985802066978067
[2024-11-13 06:25:53,411][root][INFO] - step=13, T=Decimal('2.8'), stage=0, iter=0, loss=414.44126402243506, info=(2.30553073642596e-30,)
[2024-11-13 06:25:53,431][root][INFO] - step=13, T=Decimal('2.8'), stage=0, iter=1, loss=405.6744377261756, info=(0.021115228542361943,)
[2024-11-13 06:25:53,442][root][INFO] - step=13, T=Decimal('2.8'), stage=0, iter=2, loss=409.2866566943062, info=(nan,)
[2024-11-13 06:25:53,615][root][INFO] - step=13, T=Decimal('2.8'), stage=0, iter=3, loss=nan, info=(nan,)
[2024-11-13 06:25:53,789][root][INFO] - step=13, T=Decimal('2.8'), stage=0, iter=4, loss=nan, info=(nan,)
[2024-11-13 06:25:53,963][root][INFO] - step=13, T=Decimal('2.8'), stage=0, iter=5, loss=nan, info=(nan,)
[2024-11-13 06:25:53,966][root][INFO] - step=13, T=Decimal('2.8'), stage=0, loss=nan
[2024-11-13 06:25:53,986][root][INFO] - step=13, T=Decimal('2.8'), err=(nan, nan), loss=[nan], training_time=7.583850509952754
[2024-11-13 06:26:32,930][root][INFO] - step=14, T=Decimal('3.0'), stage=0, iter=0, loss=nan, info=(nan,)
[2024-11-13 06:26:33,105][root][INFO] - step=14, T=Decimal('3.0'), stage=0, iter=1, loss=nan, info=(nan,)
[2024-11-13 06:26:33,278][root][INFO] - step=14, T=Decimal('3.0'), stage=0, iter=2, loss=nan, info=(nan,)
[2024-11-13 06:26:33,450][root][INFO] - step=14, T=Decimal('3.0'), stage=0, iter=3, loss=nan, info=(nan,)
[2024-11-13 06:26:33,621][root][INFO] - step=14, T=Decimal('3.0'), stage=0, iter=4, loss=nan, info=(nan,)
[2024-11-13 06:26:33,793][root][INFO] - step=14, T=Decimal('3.0'), stage=0, iter=5, loss=nan, info=(nan,)
[2024-11-13 06:26:33,796][root][INFO] - step=14, T=Decimal('3.0'), stage=0, loss=nan
[2024-11-13 06:26:33,818][root][INFO] - step=14, T=Decimal('3.0'), err=(nan, nan), loss=[nan], training_time=47.39331560279243
[2024-11-13 06:27:12,769][root][INFO] - step=15, T=Decimal('3.2'), stage=0, iter=0, loss=nan, info=(nan,)
[2024-11-13 06:27:12,944][root][INFO] - step=15, T=Decimal('3.2'), stage=0, iter=1, loss=nan, info=(nan,)
[2024-11-13 06:27:13,116][root][INFO] - step=15, T=Decimal('3.2'), stage=0, iter=2, loss=nan, info=(nan,)
[2024-11-13 06:27:13,287][root][INFO] - step=15, T=Decimal('3.2'), stage=0, iter=3, loss=nan, info=(nan,)
[2024-11-13 06:27:13,458][root][INFO] - step=15, T=Decimal('3.2'), stage=0, iter=4, loss=nan, info=(nan,)
[2024-11-13 06:27:13,630][root][INFO] - step=15, T=Decimal('3.2'), stage=0, iter=5, loss=nan, info=(nan,)
[2024-11-13 06:27:13,632][root][INFO] - step=15, T=Decimal('3.2'), stage=0, loss=nan
[2024-11-13 06:27:13,654][root][INFO] - step=15, T=Decimal('3.2'), err=(nan, nan), loss=[nan], training_time=87.20761917484924
