[2024-11-13 06:17:35,323][jax._src.xla_bridge][INFO] - Unable to initialize backend 'rocm': module 'jaxlib.xla_extension' has no attribute 'GpuAllocatorConfig'
[2024-11-13 06:17:35,324][jax._src.xla_bridge][INFO] - Unable to initialize backend 'tpu': INTERNAL: Failed to open libtpu.so: libtpu.so: cannot open shared object file: No such file or directory
[2024-11-13 06:17:39,364][root][INFO] - step=-1, T=Decimal('0'), err=(6.501884761416838, 1.0126811102426405), loss=(0, 0), training_time=0
[2024-11-13 06:17:42,646][root][INFO] - step=0, T=Decimal('0.2'), stage=0, iter=0, loss=0.01682403348157394, info=(1.851555404088103e-33,)
[2024-11-13 06:17:44,111][root][INFO] - step=0, T=Decimal('0.2'), stage=0, iter=1, loss=0.01905757187739917, info=(3.507670073534318e-32,)
[2024-11-13 06:17:44,308][root][INFO] - step=0, T=Decimal('0.2'), stage=0, iter=2, loss=0.018759510025511114, info=(2.0943174530274143e-32,)
[2024-11-13 06:17:44,505][root][INFO] - step=0, T=Decimal('0.2'), stage=0, iter=3, loss=0.018812163291034564, info=(4.538443510823516e-32,)
[2024-11-13 06:17:44,513][root][INFO] - step=0, T=Decimal('0.2'), stage=0, loss=6.0257135314659e-06
[2024-11-13 06:17:44,554][root][INFO] - step=0, T=Decimal('0.2'), err=(5.724162545069118, 1.0354496526648935), loss=[6.0257135314659e-06], training_time=5.1485426349099725
[2024-11-13 06:17:44,627][root][INFO] - step=1, T=Decimal('0.4'), stage=0, iter=0, loss=0.01880589771691195, info=(8.557177553939934e-33,)
[2024-11-13 06:17:44,823][root][INFO] - step=1, T=Decimal('0.4'), stage=0, iter=1, loss=0.019468482989208155, info=(1.5659652135768048e-31,)
[2024-11-13 06:17:45,016][root][INFO] - step=1, T=Decimal('0.4'), stage=0, iter=2, loss=0.02116576415594483, info=(4.3326594126534535e-32,)
[2024-11-13 06:17:45,153][root][INFO] - step=1, T=Decimal('0.4'), stage=0, iter=3, loss=0.020473331761775453, info=(3.258107112724977e-32,)
[2024-11-13 06:17:45,157][root][INFO] - step=1, T=Decimal('0.4'), stage=0, loss=1.212772113884335e-05
[2024-11-13 06:17:45,183][root][INFO] - step=1, T=Decimal('0.4'), err=(5.252911459972642, 1.068671237321537), loss=[1.212772113884335e-05], training_time=5.7496990310028195
[2024-11-13 06:17:45,295][root][INFO] - step=2, T=Decimal('0.6'), stage=0, iter=0, loss=0.020466401581708888, info=(4.781758054082703e-31,)
[2024-11-13 06:17:45,492][root][INFO] - step=2, T=Decimal('0.6'), stage=0, iter=1, loss=0.026275856700953965, info=(1.6753163026294956e-29,)
[2024-11-13 06:17:45,691][root][INFO] - step=2, T=Decimal('0.6'), stage=0, iter=2, loss=1.3291452753723827, info=(6.233850043992606e-29,)
[2024-11-13 06:17:45,835][root][INFO] - step=2, T=Decimal('0.6'), stage=0, iter=3, loss=0.9971349762140356, info=(1.0515250088263762e-28,)
[2024-11-13 06:17:45,842][root][INFO] - step=2, T=Decimal('0.6'), stage=0, loss=0.3170412246206976
[2024-11-13 06:17:45,885][root][INFO] - step=2, T=Decimal('0.6'), err=(21.728248654626984, 4.951601284175773), loss=[0.3170412246206976], training_time=6.407557507045567
[2024-11-13 06:17:46,047][root][INFO] - step=3, T=Decimal('0.8'), stage=0, iter=0, loss=0.6991465811086404, info=(3.159006591281163e-30,)
[2024-11-13 06:17:46,244][root][INFO] - step=3, T=Decimal('0.8'), stage=0, iter=1, loss=0.4163325749486027, info=(2.6903448786363438e-27,)
[2024-11-13 06:17:46,388][root][INFO] - step=3, T=Decimal('0.8'), stage=0, iter=2, loss=162.76690572456067, info=(6.808752137869096e-23,)
[2024-11-13 06:17:46,619][root][INFO] - step=3, T=Decimal('0.8'), stage=0, iter=3, loss=265.0049625921822, info=(2.1148368218022463e-17,)
[2024-11-13 06:17:46,626][root][INFO] - step=3, T=Decimal('0.8'), stage=0, loss=255.15274134688121
[2024-11-13 06:17:46,667][root][INFO] - step=3, T=Decimal('0.8'), err=(509.8934506877532, 130.19753769860824), loss=[255.15274134688121], training_time=7.147593423957005
[2024-11-13 06:17:46,796][root][INFO] - step=4, T=Decimal('1.0'), stage=0, iter=0, loss=392.0592143136385, info=(1.702080846916631e-11,)
[2024-11-13 06:17:46,920][root][INFO] - step=4, T=Decimal('1.0'), stage=0, iter=1, loss=982302.5581418483, info=(15660.780673919224,)
[2024-11-13 06:17:47,022][root][INFO] - step=4, T=Decimal('1.0'), stage=0, iter=2, loss=797429735636.8317, info=(254024384545.36606,)
[2024-11-13 06:17:47,118][root][INFO] - step=4, T=Decimal('1.0'), stage=0, iter=3, loss=1462696329873.3538, info=(512795941152.94037,)
[2024-11-13 06:17:47,125][root][INFO] - step=4, T=Decimal('1.0'), stage=0, loss=445877340602.9752
[2024-11-13 06:17:47,175][root][INFO] - step=4, T=Decimal('1.0'), err=(20336266.186727434, 5822040.777402311), loss=[445877340602.9752], training_time=7.605091828852892
[2024-11-13 06:17:47,296][root][INFO] - step=5, T=Decimal('1.2'), stage=0, iter=0, loss=995519231059.6036, info=(5.797940523955687e-19,)
[2024-11-13 06:17:47,318][root][INFO] - step=5, T=Decimal('1.2'), stage=0, iter=1, loss=664318171427.8584, info=(24378249903.46758,)
[2024-11-13 06:17:47,347][root][INFO] - step=5, T=Decimal('1.2'), stage=0, iter=2, loss=984791432118.3759, info=(17211200685.432327,)
[2024-11-13 06:17:47,370][root][INFO] - step=5, T=Decimal('1.2'), stage=0, iter=3, loss=715788071070.7793, info=(109142180003.61334,)
[2024-11-13 06:17:47,373][root][INFO] - step=5, T=Decimal('1.2'), stage=0, loss=86858671148.62596
[2024-11-13 06:17:47,400][root][INFO] - step=5, T=Decimal('1.2'), err=(17231680.382411882, 5533549.944097568), loss=[86858671148.62596], training_time=7.801616554846987
[2024-11-13 06:17:47,462][root][INFO] - step=6, T=Decimal('1.4'), stage=0, iter=0, loss=803305549779.784, info=(9.711100391372546e-20,)
[2024-11-13 06:17:47,558][root][INFO] - step=6, T=Decimal('1.4'), stage=0, iter=1, loss=773064302965.6626, info=(3.623977525268321e-19,)
[2024-11-13 06:17:47,655][root][INFO] - step=6, T=Decimal('1.4'), stage=0, iter=2, loss=803305561087.9393, info=(1.4468381530287518e-19,)
[2024-11-13 06:17:47,752][root][INFO] - step=6, T=Decimal('1.4'), stage=0, iter=3, loss=773064308247.2533, info=(3.083729323597688e-20,)
[2024-11-13 06:17:47,759][root][INFO] - step=6, T=Decimal('1.4'), stage=0, loss=0.0004385704625965426
[2024-11-13 06:17:47,809][root][INFO] - step=6, T=Decimal('1.4'), err=(17231713.90783585, 6208477.310331639), loss=[0.0004385704625965426], training_time=8.16023878683336
[2024-11-13 06:17:47,917][root][INFO] - step=7, T=Decimal('1.6'), stage=0, iter=0, loss=803305564347.1011, info=(5.027272890852281e-20,)
[2024-11-13 06:17:47,944][root][INFO] - step=7, T=Decimal('1.6'), stage=0, iter=1, loss=773064308719.9266, info=(3.2602827535410054e-19,)
[2024-11-13 06:17:48,028][root][INFO] - step=7, T=Decimal('1.6'), stage=0, iter=2, loss=803305577969.0714, info=(2.0666280424024846e-20,)
[2024-11-13 06:17:48,133][root][INFO] - step=7, T=Decimal('1.6'), stage=0, iter=3, loss=773064305314.4341, info=(4.615667818045893e-19,)
[2024-11-13 06:17:48,140][root][INFO] - step=7, T=Decimal('1.6'), stage=0, loss=9.587379924285255e-05
[2024-11-13 06:17:48,189][root][INFO] - step=7, T=Decimal('1.6'), err=(17231714.123165287, 6966613.00242598), loss=[9.587379924285255e-05], training_time=8.490074619883671
[2024-11-13 06:17:48,333][root][INFO] - step=8, T=Decimal('1.8'), stage=0, iter=0, loss=803305571158.0858, info=(3.20747554323562e-19,)
[2024-11-13 06:17:48,396][root][INFO] - step=8, T=Decimal('1.8'), stage=0, iter=1, loss=773064310747.3677, info=(6450168787.682369,)
[2024-11-13 06:17:48,426][root][INFO] - step=8, T=Decimal('1.8'), stage=0, iter=2, loss=786734662530.6298, info=(5552169724.222884,)
[2024-11-13 06:17:48,514][root][INFO] - step=8, T=Decimal('1.8'), stage=0, iter=3, loss=795451265858.2183, info=(1593270331.421489,)
[2024-11-13 06:17:48,521][root][INFO] - step=8, T=Decimal('1.8'), stage=0, loss=1042706616.5147947
[2024-11-13 06:17:48,571][root][INFO] - step=8, T=Decimal('1.8'), err=(16992109.33490209, 7709129.624627474), loss=[1042706616.5147947], training_time=8.821092516882345
[2024-11-13 06:17:48,710][root][INFO] - step=9, T=Decimal('2.0'), stage=0, iter=0, loss=787525427873.9489, info=(3.308722450212111e-20,)
[2024-11-13 06:17:48,811][root][INFO] - step=9, T=Decimal('2.0'), stage=0, iter=1, loss=760056744514.4939, info=(2.6430074932294335e-19,)
[2024-11-13 06:17:48,876][root][INFO] - step=9, T=Decimal('2.0'), stage=0, iter=2, loss=787525415915.2021, info=(1.0964444455512895e-19,)
[2024-11-13 06:17:48,901][root][INFO] - step=9, T=Decimal('2.0'), stage=0, iter=3, loss=760056747248.2388, info=(26916665943.030663,)
[2024-11-13 06:17:48,907][root][INFO] - step=9, T=Decimal('2.0'), stage=0, loss=13458332946.661072
[2024-11-13 06:17:48,948][root][INFO] - step=9, T=Decimal('2.0'), err=(16454455.073290372, 8377637.618715609), loss=[13458332946.661072], training_time=9.15536309289746
[2024-11-13 06:17:48,949][root][INFO] - Total time: 14.25 seconds
