[2024-11-13 06:09:15,532][jax._src.xla_bridge][INFO] - Unable to initialize backend 'rocm': module 'jaxlib.xla_extension' has no attribute 'GpuAllocatorConfig'
[2024-11-13 06:09:15,533][jax._src.xla_bridge][INFO] - Unable to initialize backend 'tpu': INTERNAL: Failed to open libtpu.so: libtpu.so: cannot open shared object file: No such file or directory
[2024-11-13 06:09:19,303][root][INFO] - step=-1, T=Decimal('0'), err=(6.501884761416836, 1.0126811102426405), loss=(0, 0), training_time=0
[2024-11-13 06:09:22,480][root][INFO] - step=0, T=Decimal('0.2'), stage=0, iter=0, loss=0.01682403348157394, info=(1.851555404088103e-33,)
[2024-11-13 06:09:23,997][root][INFO] - step=0, T=Decimal('0.2'), stage=0, iter=1, loss=0.01905757187739917, info=(3.507670073534318e-32,)
[2024-11-13 06:09:24,156][root][INFO] - step=0, T=Decimal('0.2'), stage=0, iter=2, loss=0.018759510025511114, info=(2.0943174530274143e-32,)
[2024-11-13 06:09:24,222][root][INFO] - step=0, T=Decimal('0.2'), stage=0, iter=3, loss=0.018812163291034564, info=(4.538443510823516e-32,)
[2024-11-13 06:09:24,288][root][INFO] - step=0, T=Decimal('0.2'), stage=0, iter=4, loss=0.018797814660377735, info=(2.4359722412316234e-32,)
[2024-11-13 06:09:24,352][root][INFO] - step=0, T=Decimal('0.2'), stage=0, iter=5, loss=0.018777898535234074, info=(1.5412385447578974e-32,)
[2024-11-13 06:09:24,449][root][INFO] - step=0, T=Decimal('0.2'), stage=0, iter=6, loss=0.018806182610926037, info=(2.3577554348750835e-32,)
[2024-11-13 06:09:24,644][root][INFO] - step=0, T=Decimal('0.2'), stage=0, iter=7, loss=0.0188015802511292, info=(1.751503921266883e-32,)
[2024-11-13 06:09:24,840][root][INFO] - step=0, T=Decimal('0.2'), stage=0, iter=8, loss=0.018791069982416152, info=(3.807341272846543e-32,)
[2024-11-13 06:09:24,973][root][INFO] - step=0, T=Decimal('0.2'), stage=0, iter=9, loss=0.018805815221318713, info=(2.1227588327191473e-32,)
[2024-11-13 06:09:25,166][root][INFO] - step=0, T=Decimal('0.2'), stage=0, iter=10, loss=0.01879824386011673, info=(1.5685802494844356e-32,)
[2024-11-13 06:09:25,362][root][INFO] - step=0, T=Decimal('0.2'), stage=0, iter=11, loss=0.018807741169160605, info=(1.049514564129549e-32,)
[2024-11-13 06:09:25,367][root][INFO] - step=0, T=Decimal('0.2'), stage=0, loss=6.571438007318098e-06
[2024-11-13 06:09:25,406][root][INFO] - step=0, T=Decimal('0.2'), err=(5.7272645861570455, 1.03601078406914), loss=[6.571438007318098e-06], training_time=6.064287838991731
[2024-11-13 06:09:25,504][root][INFO] - step=1, T=Decimal('0.4'), stage=0, iter=0, loss=0.018817246694341073, info=(1.1034394542843064e-32,)
[2024-11-13 06:09:25,697][root][INFO] - step=1, T=Decimal('0.4'), stage=0, iter=1, loss=0.022070572342440482, info=(5.158569031606167e-31,)
[2024-11-13 06:09:25,894][root][INFO] - step=1, T=Decimal('0.4'), stage=0, iter=2, loss=0.021405923363340296, info=(2.11841009136828e-31,)
[2024-11-13 06:09:26,034][root][INFO] - step=1, T=Decimal('0.4'), stage=0, iter=3, loss=0.022305750287323633, info=(2.856699536905052e-31,)
[2024-11-13 06:09:26,217][root][INFO] - step=1, T=Decimal('0.4'), stage=0, iter=4, loss=0.022505625714682977, info=(7.093720964274475e-31,)
[2024-11-13 06:09:26,414][root][INFO] - step=1, T=Decimal('0.4'), stage=0, iter=5, loss=0.022342185493534963, info=(4.672599448473399e-31,)
[2024-11-13 06:09:26,559][root][INFO] - step=1, T=Decimal('0.4'), stage=0, iter=6, loss=0.022331301252021582, info=(5.7795051145184274e-31,)
[2024-11-13 06:09:26,623][root][INFO] - step=1, T=Decimal('0.4'), stage=0, iter=7, loss=0.02217185669981471, info=(8.525845480186363e-31,)
[2024-11-13 06:09:26,689][root][INFO] - step=1, T=Decimal('0.4'), stage=0, iter=8, loss=0.022325116334393706, info=(9.145148566346459e-31,)
[2024-11-13 06:09:26,753][root][INFO] - step=1, T=Decimal('0.4'), stage=0, iter=9, loss=0.02224185607401131, info=(4.096960805271207e-31,)
[2024-11-13 06:09:26,850][root][INFO] - step=1, T=Decimal('0.4'), stage=0, iter=10, loss=0.022367422660172866, info=(2.718243229496839e-31,)
[2024-11-13 06:09:27,044][root][INFO] - step=1, T=Decimal('0.4'), stage=0, iter=11, loss=0.022301537131298323, info=(3.295568942191332e-31,)
[2024-11-13 06:09:27,051][root][INFO] - step=1, T=Decimal('0.4'), stage=0, loss=0.0005879075925951678
[2024-11-13 06:09:27,088][root][INFO] - step=1, T=Decimal('0.4'), err=(5.788910190346994, 1.1777167506062622), loss=[0.0005879075925951678], training_time=7.708477227948606
[2024-11-13 06:09:27,243][root][INFO] - step=2, T=Decimal('0.6'), stage=0, iter=0, loss=0.02185726929744316, info=(1.9266799097830607e-31,)
[2024-11-13 06:09:27,372][root][INFO] - step=2, T=Decimal('0.6'), stage=0, iter=1, loss=0.021099087171580867, info=(2.552281696716891e-29,)
[2024-11-13 06:09:27,568][root][INFO] - step=2, T=Decimal('0.6'), stage=0, iter=2, loss=5.62080119182685, info=(7.382466959105376e-28,)
[2024-11-13 06:09:27,771][root][INFO] - step=2, T=Decimal('0.6'), stage=0, iter=3, loss=4.624664747464854, info=(1.285488904400482e-27,)
[2024-11-13 06:09:27,907][root][INFO] - step=2, T=Decimal('0.6'), stage=0, iter=4, loss=3.725451242060244, info=(4.042164878439263e-28,)
[2024-11-13 06:09:28,100][root][INFO] - step=2, T=Decimal('0.6'), stage=0, iter=5, loss=4.588903903668086, info=(2.301278283108753e-28,)
[2024-11-13 06:09:28,297][root][INFO] - step=2, T=Decimal('0.6'), stage=0, iter=6, loss=3.1725559879046523, info=(1.733051912316743e-28,)
[2024-11-13 06:09:28,440][root][INFO] - step=2, T=Decimal('0.6'), stage=0, iter=7, loss=5.285351668211094, info=(4.356353385846819e-28,)
[2024-11-13 06:09:28,629][root][INFO] - step=2, T=Decimal('0.6'), stage=0, iter=8, loss=2.686169265315691, info=(3.1300213456181353e-28,)
[2024-11-13 06:09:28,829][root][INFO] - step=2, T=Decimal('0.6'), stage=0, iter=9, loss=2.3428800713869813, info=(1.776079113204298e-28,)
[2024-11-13 06:09:28,968][root][INFO] - step=2, T=Decimal('0.6'), stage=0, iter=10, loss=3.2424931154786716, info=(2.6152826716136257e-27,)
[2024-11-13 06:09:29,034][root][INFO] - step=2, T=Decimal('0.6'), stage=0, iter=11, loss=3.9150646959170494, info=(1.7894647115037784e-27,)
[2024-11-13 06:09:29,037][root][INFO] - step=2, T=Decimal('0.6'), stage=0, loss=1.4080272377727103
[2024-11-13 06:09:29,064][root][INFO] - step=2, T=Decimal('0.6'), err=(33.02666355422283, 7.5263714193691635), loss=[1.4080272377727103], training_time=9.65675458102487
[2024-11-13 06:09:29,135][root][INFO] - step=3, T=Decimal('0.8'), stage=0, iter=0, loss=2.609975443391691, info=(1.1785150515694375e-29,)
[2024-11-13 06:09:29,327][root][INFO] - step=3, T=Decimal('0.8'), stage=0, iter=1, loss=1.2178589427767073, info=(4.1031860427972275e-28,)
[2024-11-13 06:09:29,553][root][INFO] - step=3, T=Decimal('0.8'), stage=0, iter=2, loss=9.543410401453185, info=(2.7072032634063453e-27,)
[2024-11-13 06:09:29,718][root][INFO] - step=3, T=Decimal('0.8'), stage=0, iter=3, loss=2.5322283249159194, info=(1.0774574629345557e-27,)
[2024-11-13 06:09:29,945][root][INFO] - step=3, T=Decimal('0.8'), stage=0, iter=4, loss=12.405912972399058, info=(3.160812689864411e-26,)
[2024-11-13 06:09:30,168][root][INFO] - step=3, T=Decimal('0.8'), stage=0, iter=5, loss=9.049350116681486, info=(1.6212700310270883e-24,)
[2024-11-13 06:09:30,325][root][INFO] - step=3, T=Decimal('0.8'), stage=0, iter=6, loss=37.593459027987755, info=(2.0627874459343296e-20,)
[2024-11-13 06:09:30,592][root][INFO] - step=3, T=Decimal('0.8'), stage=0, iter=7, loss=422.7154023498465, info=(3.3631758677049987e-06,)
[2024-11-13 06:09:30,688][root][INFO] - step=3, T=Decimal('0.8'), stage=0, iter=8, loss=51461354638.61168, info=(4053254227.1386433,)
[2024-11-13 06:09:30,724][root][INFO] - step=3, T=Decimal('0.8'), stage=0, iter=9, loss=57351376119.28145, info=(4028005040.3519874,)
[2024-11-13 06:09:30,814][root][INFO] - step=3, T=Decimal('0.8'), stage=0, iter=10, loss=50709351346.51826, info=(4018623272.2953873,)
[2024-11-13 06:09:30,907][root][INFO] - step=3, T=Decimal('0.8'), stage=0, iter=11, loss=56948309594.46461, info=(11813322.958434537,)
[2024-11-13 06:09:30,914][root][INFO] - step=3, T=Decimal('0.8'), stage=0, loss=14460915362.440983
[2024-11-13 06:09:30,960][root][INFO] - step=3, T=Decimal('0.8'), err=(3785620.6199347214, 966630.3474025341), loss=[14460915362.440983], training_time=11.507001649122685
[2024-11-13 06:09:31,105][root][INFO] - step=4, T=Decimal('1.0'), stage=0, iter=0, loss=27836551043.321236, info=(5.934524586700442e-20,)
[2024-11-13 06:09:31,178][root][INFO] - step=4, T=Decimal('1.0'), stage=0, iter=1, loss=13933949510.820824, info=(4.0353179002786896e-20,)
[2024-11-13 06:09:31,197][root][INFO] - step=4, T=Decimal('1.0'), stage=0, iter=2, loss=27836553759.635067, info=(6.485096002415737e-20,)
[2024-11-13 06:09:31,219][root][INFO] - step=4, T=Decimal('1.0'), stage=0, iter=3, loss=13933952663.459269, info=(1.2738581433316624e-19,)
[2024-11-13 06:09:31,237][root][INFO] - step=4, T=Decimal('1.0'), stage=0, iter=4, loss=27836558207.301685, info=(1.8808101895985722e-19,)
[2024-11-13 06:09:31,258][root][INFO] - step=4, T=Decimal('1.0'), stage=0, iter=5, loss=13933948707.859163, info=(1.0344389868343142e-19,)
[2024-11-13 06:09:31,278][root][INFO] - step=4, T=Decimal('1.0'), stage=0, iter=6, loss=27836550125.72505, info=(8.784658105313154e-21,)
[2024-11-13 06:09:31,322][root][INFO] - step=4, T=Decimal('1.0'), stage=0, iter=7, loss=13933948707.859163, info=(1.5789223532412192e-19,)
[2024-11-13 06:09:31,348][root][INFO] - step=4, T=Decimal('1.0'), stage=0, iter=8, loss=27836550763.915718, info=(2.752857078576476e-20,)
[2024-11-13 06:09:31,428][root][INFO] - step=4, T=Decimal('1.0'), stage=0, iter=9, loss=13933946945.625435, info=(4.735443570743573e-20,)
[2024-11-13 06:09:31,521][root][INFO] - step=4, T=Decimal('1.0'), stage=0, iter=10, loss=27836547877.638737, info=(5.636474868385335e-19,)
[2024-11-13 06:09:31,602][root][INFO] - step=4, T=Decimal('1.0'), stage=0, iter=11, loss=13933948100.136133, info=(5.2145465815342865e-21,)
[2024-11-13 06:09:31,609][root][INFO] - step=4, T=Decimal('1.0'), stage=0, loss=0.0005686922077833461
[2024-11-13 06:09:31,654][root][INFO] - step=4, T=Decimal('1.0'), err=(3786767.5951285088, 1084108.3191452702), loss=[0.0005686922077833461], training_time=12.155651490204036
[2024-11-13 06:09:31,787][root][INFO] - step=5, T=Decimal('1.2'), stage=0, iter=0, loss=27836539796.063793, info=(2.4156982608998623e-20,)
[2024-11-13 06:09:31,817][root][INFO] - step=5, T=Decimal('1.2'), stage=0, iter=1, loss=13933942410.556026, info=(1.1037898093907601e-19,)
[2024-11-13 06:09:31,908][root][INFO] - step=5, T=Decimal('1.2'), stage=0, iter=2, loss=27836537618.945683, info=(5.704237504165679e-20,)
[2024-11-13 06:09:32,008][root][INFO] - step=5, T=Decimal('1.2'), stage=0, iter=3, loss=13933942987.646679, info=(2.909690522716531e-20,)
[2024-11-13 06:09:32,102][root][INFO] - step=5, T=Decimal('1.2'), stage=0, iter=4, loss=27836539350.657574, info=(6.48840472486595e-21,)
[2024-11-13 06:09:32,187][root][INFO] - step=5, T=Decimal('1.2'), stage=0, iter=5, loss=13933941544.45647, info=(1.1487884347136447e-20,)
[2024-11-13 06:09:32,254][root][INFO] - step=5, T=Decimal('1.2'), stage=0, iter=6, loss=27836533001.34964, info=(2.6565732552753037e-20,)
[2024-11-13 06:09:32,283][root][INFO] - step=5, T=Decimal('1.2'), stage=0, iter=7, loss=13933941255.818623, info=(4.456849140435712e-21,)
[2024-11-13 06:09:32,367][root][INFO] - step=5, T=Decimal('1.2'), stage=0, iter=8, loss=27836539928.43085, info=(2.1440521477374477e-21,)
[2024-11-13 06:09:32,464][root][INFO] - step=5, T=Decimal('1.2'), stage=0, iter=9, loss=13933943564.834085, info=(2.3968385429336527e-20,)
[2024-11-13 06:09:32,564][root][INFO] - step=5, T=Decimal('1.2'), stage=0, iter=10, loss=27836541082.943943, info=(1.749983303917185e-20,)
[2024-11-13 06:09:32,655][root][INFO] - step=5, T=Decimal('1.2'), stage=0, iter=11, loss=13933941255.812208, info=(1.8958979639715398e-21,)
[2024-11-13 06:09:32,662][root][INFO] - step=5, T=Decimal('1.2'), stage=0, loss=9.045638736582227e-05
[2024-11-13 06:09:32,707][root][INFO] - step=5, T=Decimal('1.2'), err=(3786021.725558453, 1215792.0668723437), loss=[9.045638736582227e-05], training_time=13.162900327239186
[2024-11-13 06:09:32,769][root][INFO] - step=6, T=Decimal('1.4'), stage=0, iter=0, loss=27836535310.391388, info=(1.1549757456955415e-19,)
[2024-11-13 06:09:32,852][root][INFO] - step=6, T=Decimal('1.4'), stage=0, iter=1, loss=13933941899.252666, info=(8179504411.186043,)
[2024-11-13 06:09:32,948][root][INFO] - step=6, T=Decimal('1.4'), stage=0, iter=2, loss=13933941899.252262, info=(8.330370512899031e-20,)
[2024-11-13 06:09:33,044][root][INFO] - step=6, T=Decimal('1.4'), stage=0, iter=3, loss=27836538773.92313, info=(2.6042954405619526e-20,)
[2024-11-13 06:09:33,140][root][INFO] - step=6, T=Decimal('1.4'), stage=0, iter=4, loss=13933940744.741686, info=(6.178377431281073e-20,)
[2024-11-13 06:09:33,208][root][INFO] - step=6, T=Decimal('1.4'), stage=0, iter=5, loss=27836535310.391403, info=(2.654885806825696e-19,)
[2024-11-13 06:09:33,232][root][INFO] - step=6, T=Decimal('1.4'), stage=0, iter=6, loss=13933941899.252262, info=(1.0512142096568898e-19,)
[2024-11-13 06:09:33,251][root][INFO] - step=6, T=Decimal('1.4'), stage=0, iter=7, loss=27836535310.391403, info=(1.2554947337329854e-19,)
[2024-11-13 06:09:33,267][root][INFO] - step=6, T=Decimal('1.4'), stage=0, iter=8, loss=13933939012.97609, info=(5.4183638844673525e-20,)
[2024-11-13 06:09:33,288][root][INFO] - step=6, T=Decimal('1.4'), stage=0, iter=9, loss=27836532424.115196, info=(6.030808410001614e-20,)
[2024-11-13 06:09:33,310][root][INFO] - step=6, T=Decimal('1.4'), stage=0, iter=10, loss=13933938724.348522, info=(2.1655588436638262e-20,)
[2024-11-13 06:09:33,356][root][INFO] - step=6, T=Decimal('1.4'), stage=0, iter=11, loss=27836527806.073757, info=(6.032793643471743e-20,)
[2024-11-13 06:09:33,359][root][INFO] - step=6, T=Decimal('1.4'), stage=0, loss=13902589955.653381
[2024-11-13 06:09:33,385][root][INFO] - step=6, T=Decimal('1.4'), err=(124481.60309606066, 44849.93265958091), loss=[13902589955.653381], training_time=13.813752892427146
[2024-11-13 06:09:33,531][root][INFO] - step=7, T=Decimal('1.6'), stage=0, iter=0, loss=31346459.674920842, info=(3.606980905611172e-33,)
[2024-11-13 06:09:33,627][root][INFO] - step=7, T=Decimal('1.6'), stage=0, iter=1, loss=31346459.674468793, info=(1.6940205210043456e-37,)
[2024-11-13 06:09:33,710][root][INFO] - step=7, T=Decimal('1.6'), stage=0, iter=2, loss=31346459.674468793, info=(2.9073970139918047e-37,)
[2024-11-13 06:09:33,806][root][INFO] - step=7, T=Decimal('1.6'), stage=0, iter=3, loss=31346459.674470183, info=(5.714463748431002e-38,)
[2024-11-13 06:09:33,851][root][INFO] - step=7, T=Decimal('1.6'), stage=0, iter=4, loss=31346459.674470183, info=(5.549446841272113e-38,)
[2024-11-13 06:09:33,937][root][INFO] - step=7, T=Decimal('1.6'), stage=0, iter=5, loss=31346459.67447161, info=(3.430378640667152e-41,)
[2024-11-13 06:09:34,015][root][INFO] - step=7, T=Decimal('1.6'), stage=0, iter=6, loss=31346459.67447161, info=(2.1272831727222183e-39,)
[2024-11-13 06:09:34,112][root][INFO] - step=7, T=Decimal('1.6'), stage=0, iter=7, loss=31346459.67447161, info=(2.2766055370806712e-40,)
[2024-11-13 06:09:34,204][root][INFO] - step=7, T=Decimal('1.6'), stage=0, iter=8, loss=31346459.67447161, info=(4.2097247945860425e-40,)
[2024-11-13 06:09:34,285][root][INFO] - step=7, T=Decimal('1.6'), stage=0, iter=9, loss=31346459.67447161, info=(3.3984514564559756e-39,)
[2024-11-13 06:09:34,314][root][INFO] - step=7, T=Decimal('1.6'), stage=0, iter=10, loss=31346459.67447161, info=(1.1075863062023354e-39,)
[2024-11-13 06:09:34,399][root][INFO] - step=7, T=Decimal('1.6'), stage=0, iter=11, loss=31346459.67447161, info=(1.7371616802541892e-39,)
[2024-11-13 06:09:34,406][root][INFO] - step=7, T=Decimal('1.6'), stage=0, loss=8.997531354724736e-05
[2024-11-13 06:09:34,454][root][INFO] - step=7, T=Decimal('1.6'), err=(124481.60399504524, 50326.69151520406), loss=[8.997531354724736e-05], training_time=14.834185138577595
[2024-11-13 06:09:34,600][root][INFO] - step=8, T=Decimal('1.8'), stage=0, iter=0, loss=31346459.674381632, info=(1.21781214745189e-33,)
[2024-11-13 06:09:34,694][root][INFO] - step=8, T=Decimal('1.8'), stage=0, iter=1, loss=31346459.397391465, info=(1.3589098044650198e-17,)
[2024-11-13 06:09:34,759][root][INFO] - step=8, T=Decimal('1.8'), stage=0, iter=2, loss=31346459.397391465, info=(1.366747452192214e-17,)
[2024-11-13 06:09:34,791][root][INFO] - step=8, T=Decimal('1.8'), stage=0, iter=3, loss=31346459.397384178, info=(1.3563933047714414e-17,)
[2024-11-13 06:09:34,877][root][INFO] - step=8, T=Decimal('1.8'), stage=0, iter=4, loss=31346459.397384178, info=(4.810710630740211e-35,)
[2024-11-13 06:09:34,955][root][INFO] - step=8, T=Decimal('1.8'), stage=0, iter=5, loss=31346459.397384178, info=(1.8963303303635744e-10,)
[2024-11-13 06:09:35,051][root][INFO] - step=8, T=Decimal('1.8'), stage=0, iter=6, loss=31346459.397384178, info=(1.398838277478522e-35,)
[2024-11-13 06:09:35,150][root][INFO] - step=8, T=Decimal('1.8'), stage=0, iter=7, loss=31346459.397387434, info=(3.040673277791089e-36,)
[2024-11-13 06:09:35,227][root][INFO] - step=8, T=Decimal('1.8'), stage=0, iter=8, loss=31346460.906554565, info=(2.3542116727080273e-09,)
[2024-11-13 06:09:35,251][root][INFO] - step=8, T=Decimal('1.8'), stage=0, iter=9, loss=31346460.906554565, info=(5.954698021323344e-11,)
[2024-11-13 06:09:35,275][root][INFO] - step=8, T=Decimal('1.8'), stage=0, iter=10, loss=31346459.39744322, info=(2.9704191232302257e-37,)
[2024-11-13 06:09:35,292][root][INFO] - step=8, T=Decimal('1.8'), stage=0, iter=11, loss=31346459.397443924, info=(1.8960660295420107e-10,)
[2024-11-13 06:09:35,294][root][INFO] - step=8, T=Decimal('1.8'), stage=0, loss=2.248159876528964e-05
[2024-11-13 06:09:35,320][root][INFO] - step=8, T=Decimal('1.8'), err=(124481.67586149869, 56475.94163815946), loss=[2.248159876528964e-05], training_time=15.672684740740806
[2024-11-13 06:09:35,385][root][INFO] - step=9, T=Decimal('2.0'), stage=0, iter=0, loss=31346459.397421442, info=(2.419637571732597e-34,)
[2024-11-13 06:09:35,471][root][INFO] - step=9, T=Decimal('2.0'), stage=0, iter=1, loss=31346459.397421442, info=(1.8666850291057928e-34,)
[2024-11-13 06:09:35,565][root][INFO] - step=9, T=Decimal('2.0'), stage=0, iter=2, loss=31346459.397421442, info=(4.217673730750367e-35,)
[2024-11-13 06:09:35,650][root][INFO] - step=9, T=Decimal('2.0'), stage=0, iter=3, loss=31346459.397403654, info=(1.866391155518087e-35,)
[2024-11-13 06:09:35,730][root][INFO] - step=9, T=Decimal('2.0'), stage=0, iter=4, loss=31346459.397397388, info=(6.496442998216297e-35,)
[2024-11-13 06:09:35,812][root][INFO] - step=9, T=Decimal('2.0'), stage=0, iter=5, loss=31346459.397397388, info=(2.0206747890635122e-35,)
[2024-11-13 06:09:35,845][root][INFO] - step=9, T=Decimal('2.0'), stage=0, iter=6, loss=31346459.397397388, info=(1.4082422322851004e-35,)
[2024-11-13 06:09:35,933][root][INFO] - step=9, T=Decimal('2.0'), stage=0, iter=7, loss=31346459.397397388, info=(3.580114982223129e-36,)
[2024-11-13 06:09:36,031][root][INFO] - step=9, T=Decimal('2.0'), stage=0, iter=8, loss=31346459.554050535, info=(2.633842029811188e-36,)
[2024-11-13 06:09:36,123][root][INFO] - step=9, T=Decimal('2.0'), stage=0, iter=9, loss=31346459.55404898, info=(6.062511372723282e-11,)
[2024-11-13 06:09:36,213][root][INFO] - step=9, T=Decimal('2.0'), stage=0, iter=10, loss=31346459.55404898, info=(3.296035730618161e-11,)
[2024-11-13 06:09:36,280][root][INFO] - step=9, T=Decimal('2.0'), stage=0, iter=11, loss=31346459.499147348, info=(1.726494906514271e-11,)
[2024-11-13 06:09:36,284][root][INFO] - step=9, T=Decimal('2.0'), stage=0, loss=4.6298254606774025e-06
[2024-11-13 06:09:36,284][root][WARNING] - Failed to load exact solution at T=Decimal('2.0'), if you are using the provided exact solution, only selected time steps are provided due to file size limitations, e=FileNotFoundError(2, 'No such file or directory')
[2024-11-13 06:09:36,284][root][INFO] - step=9, T=Decimal('2.0'), err=(nan, nan), loss=[4.6298254606774025e-06], training_time=16.635575406719
[2024-11-13 06:09:36,285][root][INFO] - Total time: 21.39 seconds
