[2024-11-13 06:02:45,742][jax._src.xla_bridge][INFO] - Unable to initialize backend 'rocm': module 'jaxlib.xla_extension' has no attribute 'GpuAllocatorConfig'
[2024-11-13 06:02:45,743][jax._src.xla_bridge][INFO] - Unable to initialize backend 'tpu': INTERNAL: Failed to open libtpu.so: libtpu.so: cannot open shared object file: No such file or directory
[2024-11-13 06:02:49,673][root][INFO] - step=-1, T=Decimal('0'), err=(6.501884761416836, 1.0126811102426405), loss=(0, 0), training_time=0
[2024-11-13 06:02:52,924][root][INFO] - step=0, T=Decimal('0.2'), stage=0, iter=0, loss=0.0016966457694313486, info=(2.140841598071639e-33,)
[2024-11-13 06:02:54,483][root][INFO] - step=0, T=Decimal('0.2'), stage=0, iter=1, loss=0.0019102334631730551, info=(2.5861956993885605e-32,)
[2024-11-13 06:02:54,555][root][INFO] - step=0, T=Decimal('0.2'), stage=0, iter=2, loss=0.0018860121436290993, info=(2.5961322766476295e-32,)
[2024-11-13 06:02:54,622][root][INFO] - step=0, T=Decimal('0.2'), stage=0, iter=3, loss=0.0018787748971964948, info=(1.561153382044557e-32,)
[2024-11-13 06:02:54,625][root][INFO] - step=0, T=Decimal('0.2'), stage=0, loss=5.311744097473303e-08
[2024-11-13 06:02:54,654][root][INFO] - step=0, T=Decimal('0.2'), err=(5.670794850079335, 1.0257959154054064), loss=[5.311744097473303e-08], training_time=4.951615846017376
[2024-11-13 06:02:54,723][root][INFO] - step=1, T=Decimal('0.4'), stage=0, iter=0, loss=0.0018950814130920728, info=(6.484331293020105e-32,)
[2024-11-13 06:02:54,917][root][INFO] - step=1, T=Decimal('0.4'), stage=0, iter=1, loss=0.0020327299231131593, info=(7.611567347986393e-32,)
[2024-11-13 06:02:55,110][root][INFO] - step=1, T=Decimal('0.4'), stage=0, iter=2, loss=0.0020748939590359335, info=(1.5791374663186302e-32,)
[2024-11-13 06:02:55,248][root][INFO] - step=1, T=Decimal('0.4'), stage=0, iter=3, loss=0.00204669789783386, info=(1.6015638547783474e-32,)
[2024-11-13 06:02:55,253][root][INFO] - step=1, T=Decimal('0.4'), stage=0, loss=3.7434304173619513e-08
[2024-11-13 06:02:55,290][root][INFO] - step=1, T=Decimal('0.4'), err=(5.116973860496645, 1.041015602206132), loss=[3.7434304173619513e-08], training_time=5.548783688107505
[2024-11-13 06:02:55,449][root][INFO] - step=2, T=Decimal('0.6'), stage=0, iter=0, loss=0.002052736623478846, info=(3.678974721445892e-32,)
[2024-11-13 06:02:55,642][root][INFO] - step=2, T=Decimal('0.6'), stage=0, iter=1, loss=0.0037097367861441966, info=(1.1712736678397745e-29,)
[2024-11-13 06:02:55,780][root][INFO] - step=2, T=Decimal('0.6'), stage=0, iter=2, loss=0.03930864129340225, info=(6.426797003290247e-30,)
[2024-11-13 06:02:55,982][root][INFO] - step=2, T=Decimal('0.6'), stage=0, iter=3, loss=0.0047904165164931066, info=(1.3340714572917613e-30,)
[2024-11-13 06:02:55,989][root][INFO] - step=2, T=Decimal('0.6'), stage=0, loss=0.0016512922075333277
[2024-11-13 06:02:56,028][root][INFO] - step=2, T=Decimal('0.6'), err=(5.604573884559933, 1.2772136256888487), loss=[0.0016512922075333277], training_time=6.247882577124983
[2024-11-13 06:02:56,183][root][INFO] - step=3, T=Decimal('0.8'), stage=0, iter=0, loss=0.0019272291705110724, info=(5.042557154126375e-32,)
[2024-11-13 06:02:56,310][root][INFO] - step=3, T=Decimal('0.8'), stage=0, iter=1, loss=0.007900454008203921, info=(6.409482940109981e-28,)
[2024-11-13 06:02:56,535][root][INFO] - step=3, T=Decimal('0.8'), stage=0, iter=2, loss=4.182602080146712, info=(4.63276213902166e-27,)
[2024-11-13 06:02:56,746][root][INFO] - step=3, T=Decimal('0.8'), stage=0, iter=3, loss=1.0852007982728697, info=(1.7703496653950253e-25,)
[2024-11-13 06:02:56,753][root][INFO] - step=3, T=Decimal('0.8'), stage=0, loss=17.841306090300762
[2024-11-13 06:02:56,793][root][INFO] - step=3, T=Decimal('0.8'), err=(130.1481182533114, 33.23236356504046), loss=[17.841306090300762], training_time=6.973011278314516
[2024-11-13 06:02:56,854][root][INFO] - step=4, T=Decimal('1.0'), stage=0, iter=0, loss=12794051.915415531, info=(1.3928479903733448e-19,)
[2024-11-13 06:02:56,916][root][INFO] - step=4, T=Decimal('1.0'), stage=0, iter=1, loss=12961946.726731615, info=(23557463.14239209,)
[2024-11-13 06:02:56,937][root][INFO] - step=4, T=Decimal('1.0'), stage=0, iter=2, loss=34260478.67053289, info=(44239324.17439959,)
[2024-11-13 06:02:56,959][root][INFO] - step=4, T=Decimal('1.0'), stage=0, iter=3, loss=25966873.846621208, info=(26200571.98610793,)
[2024-11-13 06:02:56,966][root][INFO] - step=4, T=Decimal('1.0'), stage=0, loss=13141737.22013433
[2024-11-13 06:02:56,992][root][INFO] - step=4, T=Decimal('1.0'), err=(18302.105976441573, 5239.6839384766445), loss=[13141737.22013433], training_time=7.145099792163819
[2024-11-13 06:02:56,993][root][INFO] - Total time: 11.87 seconds
