[2024-11-13 07:02:42,467][jax._src.xla_bridge][INFO] - Unable to initialize backend 'rocm': module 'jaxlib.xla_extension' has no attribute 'GpuAllocatorConfig'
[2024-11-13 07:02:42,468][jax._src.xla_bridge][INFO] - Unable to initialize backend 'tpu': INTERNAL: Failed to open libtpu.so: libtpu.so: cannot open shared object file: No such file or directory
[2024-11-13 07:02:46,398][root][INFO] - step=-1, T=Decimal('0'), err=(6.501884761416838, 1.0126811102426405), loss=(0, 0), training_time=0
[2024-11-13 07:02:49,421][root][INFO] - step=0, T=Decimal('0.05'), stage=0, iter=0, loss=0.016809197626080238, info=(1.243126754436046e-34,)
[2024-11-13 07:02:50,797][root][INFO] - step=0, T=Decimal('0.05'), stage=0, iter=1, loss=0.017302055289579173, info=(3.6415719936278554e-33,)
[2024-11-13 07:02:50,848][root][INFO] - step=0, T=Decimal('0.05'), stage=0, iter=2, loss=0.01728958567215133, info=(1.3034488968518977e-33,)
[2024-11-13 07:02:50,899][root][INFO] - step=0, T=Decimal('0.05'), stage=0, iter=3, loss=0.017287064294209075, info=(7.53294065218362e-34,)
[2024-11-13 07:02:50,949][root][INFO] - step=0, T=Decimal('0.05'), stage=0, iter=4, loss=0.017287249331003816, info=(1.6623851096438997e-33,)
[2024-11-13 07:02:50,998][root][INFO] - step=0, T=Decimal('0.05'), stage=0, iter=5, loss=0.017287100615164735, info=(9.630279598645455e-34,)
[2024-11-13 07:02:51,000][root][INFO] - step=0, T=Decimal('0.05'), stage=0, loss=2.2222540293722345e-08
[2024-11-13 07:02:51,025][root][INFO] - step=0, T=Decimal('0.05'), err=(6.238711853105585, 1.0161322033229339), loss=[2.2222540293722345e-08], training_time=4.601764793973416
[2024-11-13 07:02:51,075][root][INFO] - step=1, T=Decimal('0.10'), stage=0, iter=0, loss=0.01728652313111212, info=(1.3610675192383782e-34,)
[2024-11-13 07:02:51,125][root][INFO] - step=1, T=Decimal('0.10'), stage=0, iter=1, loss=0.017743820333749695, info=(5.754560273997285e-34,)
[2024-11-13 07:02:51,175][root][INFO] - step=1, T=Decimal('0.10'), stage=0, iter=2, loss=0.017743908549949335, info=(9.281983951533545e-34,)
[2024-11-13 07:02:51,225][root][INFO] - step=1, T=Decimal('0.10'), stage=0, iter=3, loss=0.01774258602656318, info=(7.773866943756781e-34,)
[2024-11-13 07:02:51,276][root][INFO] - step=1, T=Decimal('0.10'), stage=0, iter=4, loss=0.017742065761607716, info=(4.695439634317663e-34,)
[2024-11-13 07:02:51,327][root][INFO] - step=1, T=Decimal('0.10'), stage=0, iter=5, loss=0.01774294361625671, info=(6.884434768131239e-34,)
[2024-11-13 07:02:51,329][root][INFO] - step=1, T=Decimal('0.10'), stage=0, loss=7.296325370047576e-09
[2024-11-13 07:02:51,346][root][INFO] - step=1, T=Decimal('0.10'), err=(6.022990093468336, 1.019425049380186), loss=[7.296325370047576e-09], training_time=4.904127979883924
[2024-11-13 07:02:51,395][root][INFO] - step=2, T=Decimal('0.15'), stage=0, iter=0, loss=0.01774318236590913, info=(4.336285122158306e-34,)
[2024-11-13 07:02:51,446][root][INFO] - step=2, T=Decimal('0.15'), stage=0, iter=1, loss=0.0181744017077563, info=(3.239397848110596e-34,)
[2024-11-13 07:02:51,496][root][INFO] - step=2, T=Decimal('0.15'), stage=0, iter=2, loss=0.018180647471987655, info=(4.754990196784405e-34,)
[2024-11-13 07:02:51,546][root][INFO] - step=2, T=Decimal('0.15'), stage=0, iter=3, loss=0.018178886981981127, info=(5.768764556283818e-34,)
[2024-11-13 07:02:51,597][root][INFO] - step=2, T=Decimal('0.15'), stage=0, iter=4, loss=0.018178453406406715, info=(6.588997953740205e-34,)
[2024-11-13 07:02:51,648][root][INFO] - step=2, T=Decimal('0.15'), stage=0, iter=5, loss=0.0181784943487415, info=(3.23283260349301e-34,)
[2024-11-13 07:02:51,650][root][INFO] - step=2, T=Decimal('0.15'), stage=0, loss=3.581779259718817e-09
[2024-11-13 07:02:51,668][root][INFO] - step=2, T=Decimal('0.15'), err=(5.834650676091876, 1.0221952368367981), loss=[3.581779259718817e-09], training_time=5.208129313774407
[2024-11-13 07:02:51,717][root][INFO] - step=3, T=Decimal('0.20'), stage=0, iter=0, loss=0.018179492749443964, info=(7.042291205042232e-34,)
[2024-11-13 07:02:51,768][root][INFO] - step=3, T=Decimal('0.20'), stage=0, iter=1, loss=0.018601526131599336, info=(1.000199241479593e-33,)
[2024-11-13 07:02:51,819][root][INFO] - step=3, T=Decimal('0.20'), stage=0, iter=2, loss=0.018596328837783276, info=(4.451116326217671e-34,)
[2024-11-13 07:02:51,870][root][INFO] - step=3, T=Decimal('0.20'), stage=0, iter=3, loss=0.018594569055145335, info=(4.689292123156959e-34,)
[2024-11-13 07:02:51,922][root][INFO] - step=3, T=Decimal('0.20'), stage=0, iter=4, loss=0.01859547742929943, info=(5.0823415321326516e-34,)
[2024-11-13 07:02:51,972][root][INFO] - step=3, T=Decimal('0.20'), stage=0, iter=5, loss=0.018595838570378796, info=(4.283468454062874e-34,)
[2024-11-13 07:02:51,975][root][INFO] - step=3, T=Decimal('0.20'), stage=0, loss=2.295437870546866e-09
[2024-11-13 07:02:51,993][root][INFO] - step=3, T=Decimal('0.20'), err=(5.666884628440169, 1.025088591389668), loss=[2.295437870546866e-09], training_time=5.514063446782529
[2024-11-13 07:02:52,043][root][INFO] - step=4, T=Decimal('0.25'), stage=0, iter=0, loss=0.018595961832047328, info=(2.3879399402554505e-34,)
[2024-11-13 07:02:52,094][root][INFO] - step=4, T=Decimal('0.25'), stage=0, iter=1, loss=0.018982796204691246, info=(8.551870979296509e-34,)
[2024-11-13 07:02:52,144][root][INFO] - step=4, T=Decimal('0.25'), stage=0, iter=2, loss=0.018994522593669644, info=(6.373181739656154e-34,)
[2024-11-13 07:02:52,193][root][INFO] - step=4, T=Decimal('0.25'), stage=0, iter=3, loss=0.01899176518639099, info=(2.7208340071074365e-34,)
[2024-11-13 07:02:52,244][root][INFO] - step=4, T=Decimal('0.25'), stage=0, iter=4, loss=0.018992316206826093, info=(3.6310945880559837e-34,)
[2024-11-13 07:02:52,295][root][INFO] - step=4, T=Decimal('0.25'), stage=0, iter=5, loss=0.018992524217862926, info=(4.115361985573783e-34,)
[2024-11-13 07:02:52,297][root][INFO] - step=4, T=Decimal('0.25'), stage=0, loss=1.6635923410027556e-08
[2024-11-13 07:02:52,316][root][INFO] - step=4, T=Decimal('0.25'), err=(5.517321455346988, 1.028894100981585), loss=[1.6635923410027556e-08], training_time=5.817782406928018
[2024-11-13 07:02:52,365][root][INFO] - step=5, T=Decimal('0.30'), stage=0, iter=0, loss=0.018993273053568432, info=(1.583331116770327e-34,)
[2024-11-13 07:02:52,416][root][INFO] - step=5, T=Decimal('0.30'), stage=0, iter=1, loss=0.01936976547304728, info=(4.517637131096324e-34,)
[2024-11-13 07:02:52,466][root][INFO] - step=5, T=Decimal('0.30'), stage=0, iter=2, loss=0.01937034398619572, info=(2.0269805586128305e-34,)
[2024-11-13 07:02:52,517][root][INFO] - step=5, T=Decimal('0.30'), stage=0, iter=3, loss=0.01937087513246755, info=(5.678430254803492e-34,)
[2024-11-13 07:02:52,567][root][INFO] - step=5, T=Decimal('0.30'), stage=0, iter=4, loss=0.01937144934729783, info=(1.694498754350588e-34,)
[2024-11-13 07:02:52,619][root][INFO] - step=5, T=Decimal('0.30'), stage=0, iter=5, loss=0.019370861572959124, info=(3.376894738251255e-34,)
[2024-11-13 07:02:52,621][root][INFO] - step=5, T=Decimal('0.30'), stage=0, loss=3.064897193324653e-10
[2024-11-13 07:02:52,640][root][INFO] - step=5, T=Decimal('0.30'), err=(5.375001906015671, 1.032365389749799), loss=[3.064897193324653e-10], training_time=6.1228452229406685
[2024-11-13 07:02:52,690][root][INFO] - step=6, T=Decimal('0.35'), stage=0, iter=0, loss=0.01937153965082518, info=(1.4251831595225856e-33,)
[2024-11-13 07:02:52,741][root][INFO] - step=6, T=Decimal('0.35'), stage=0, iter=1, loss=0.01972553101503527, info=(7.410856380301109e-34,)
[2024-11-13 07:02:52,792][root][INFO] - step=6, T=Decimal('0.35'), stage=0, iter=2, loss=0.019732435436618356, info=(5.0051510568962715e-34,)
[2024-11-13 07:02:52,842][root][INFO] - step=6, T=Decimal('0.35'), stage=0, iter=3, loss=0.01973105556733775, info=(5.34745397870639e-34,)
[2024-11-13 07:02:52,893][root][INFO] - step=6, T=Decimal('0.35'), stage=0, iter=4, loss=0.019731347483926145, info=(7.857303739408015e-34,)
[2024-11-13 07:02:52,944][root][INFO] - step=6, T=Decimal('0.35'), stage=0, iter=5, loss=0.01973053886811033, info=(3.5680856801701345e-34,)
[2024-11-13 07:02:52,946][root][INFO] - step=6, T=Decimal('0.35'), stage=0, loss=3.995705780985108e-09
[2024-11-13 07:02:52,964][root][INFO] - step=6, T=Decimal('0.35'), err=(5.241322805090466, 1.0362419270636867), loss=[3.995705780985108e-09], training_time=6.428594669094309
[2024-11-13 07:02:53,014][root][INFO] - step=7, T=Decimal('0.40'), stage=0, iter=0, loss=0.01973107438040594, info=(9.837385166397033e-35,)
[2024-11-13 07:02:53,065][root][INFO] - step=7, T=Decimal('0.40'), stage=0, iter=1, loss=0.02006781868397378, info=(7.42223847169493e-34,)
[2024-11-13 07:02:53,115][root][INFO] - step=7, T=Decimal('0.40'), stage=0, iter=2, loss=0.02007340955897919, info=(5.045980314927523e-34,)
[2024-11-13 07:02:53,165][root][INFO] - step=7, T=Decimal('0.40'), stage=0, iter=3, loss=0.020072728718967335, info=(4.1004943927176555e-34,)
[2024-11-13 07:02:53,217][root][INFO] - step=7, T=Decimal('0.40'), stage=0, iter=4, loss=0.020072753182814776, info=(1.0681179928269604e-34,)
[2024-11-13 07:02:53,268][root][INFO] - step=7, T=Decimal('0.40'), stage=0, iter=5, loss=0.02007259296740071, info=(3.1995812877455503e-34,)
[2024-11-13 07:02:53,270][root][INFO] - step=7, T=Decimal('0.40'), stage=0, loss=1.101218392437017e-08
[2024-11-13 07:02:53,288][root][INFO] - step=7, T=Decimal('0.40'), err=(5.114680855172285, 1.0405491049396463), loss=[1.101218392437017e-08], training_time=6.733549193013459
[2024-11-13 07:02:53,338][root][INFO] - step=8, T=Decimal('0.45'), stage=0, iter=0, loss=0.02007335942036101, info=(3.178634937900121e-34,)
[2024-11-13 07:02:53,388][root][INFO] - step=8, T=Decimal('0.45'), stage=0, iter=1, loss=0.020395206792926463, info=(5.641992225815404e-34,)
[2024-11-13 07:02:53,440][root][INFO] - step=8, T=Decimal('0.45'), stage=0, iter=2, loss=0.020397802289303348, info=(3.1884742436627212e-34,)
[2024-11-13 07:02:53,491][root][INFO] - step=8, T=Decimal('0.45'), stage=0, iter=3, loss=0.02039739508804175, info=(8.591784178253584e-34,)
[2024-11-13 07:02:53,542][root][INFO] - step=8, T=Decimal('0.45'), stage=0, iter=4, loss=0.020397859340275354, info=(3.7298573504835424e-34,)
[2024-11-13 07:02:53,593][root][INFO] - step=8, T=Decimal('0.45'), stage=0, iter=5, loss=0.020397696482398538, info=(5.897547452749054e-34,)
[2024-11-13 07:02:53,595][root][INFO] - step=8, T=Decimal('0.45'), stage=0, loss=3.755235385827163e-10
[2024-11-13 07:02:53,613][root][INFO] - step=8, T=Decimal('0.45'), err=(4.991012285656319, 1.0446746287354218), loss=[3.755235385827163e-10], training_time=7.040012380108237
[2024-11-13 07:02:53,663][root][INFO] - step=9, T=Decimal('0.50'), stage=0, iter=0, loss=0.02039844812738892, info=(1.5152483713249513e-34,)
[2024-11-13 07:02:53,714][root][INFO] - step=9, T=Decimal('0.50'), stage=0, iter=1, loss=0.020710611045343556, info=(3.871660999278577e-34,)
[2024-11-13 07:02:53,763][root][INFO] - step=9, T=Decimal('0.50'), stage=0, iter=2, loss=0.02070665009261784, info=(3.234413573083315e-34,)
[2024-11-13 07:02:53,813][root][INFO] - step=9, T=Decimal('0.50'), stage=0, iter=3, loss=0.020706502145268313, info=(1.060519615710344e-33,)
[2024-11-13 07:02:53,863][root][INFO] - step=9, T=Decimal('0.50'), stage=0, iter=4, loss=0.020705995974949952, info=(2.997354015075884e-34,)
[2024-11-13 07:02:53,913][root][INFO] - step=9, T=Decimal('0.50'), stage=0, iter=5, loss=0.020705706163971258, info=(4.69799587535322e-34,)
[2024-11-13 07:02:53,915][root][INFO] - step=9, T=Decimal('0.50'), stage=0, loss=3.367076412706954e-09
[2024-11-13 07:02:53,933][root][INFO] - step=9, T=Decimal('0.50'), err=(4.872758871953712, 1.0492557362464656), loss=[3.367076412706954e-09], training_time=7.341884399065748
[2024-11-13 07:02:53,983][root][INFO] - step=10, T=Decimal('0.55'), stage=0, iter=0, loss=0.02070703492490359, info=(1.398953901641618e-34,)
[2024-11-13 07:02:54,034][root][INFO] - step=10, T=Decimal('0.55'), stage=0, iter=1, loss=0.02099612141729914, info=(8.527216477614822e-34,)
[2024-11-13 07:02:54,084][root][INFO] - step=10, T=Decimal('0.55'), stage=0, iter=2, loss=0.020999049908164265, info=(3.6081881750436653e-34,)
[2024-11-13 07:02:54,134][root][INFO] - step=10, T=Decimal('0.55'), stage=0, iter=3, loss=0.02099846292661573, info=(1.7038790615169057e-34,)
[2024-11-13 07:02:54,184][root][INFO] - step=10, T=Decimal('0.55'), stage=0, iter=4, loss=0.02099849331292294, info=(6.510857956870737e-34,)
[2024-11-13 07:02:54,234][root][INFO] - step=10, T=Decimal('0.55'), stage=0, iter=5, loss=0.02099887716935186, info=(5.145421167699838e-34,)
[2024-11-13 07:02:54,237][root][INFO] - step=10, T=Decimal('0.55'), stage=0, loss=8.995613275793395e-11
[2024-11-13 07:02:54,255][root][INFO] - step=10, T=Decimal('0.55'), err=(4.757417544380485, 1.0538585573677939), loss=[8.995613275793395e-11], training_time=7.645174435107037
[2024-11-13 07:02:54,305][root][INFO] - step=11, T=Decimal('0.60'), stage=0, iter=0, loss=0.020999805934780475, info=(2.689398081816196e-34,)
[2024-11-13 07:02:54,356][root][INFO] - step=11, T=Decimal('0.60'), stage=0, iter=1, loss=0.02126990683771187, info=(2.495351346540052e-34,)
[2024-11-13 07:02:54,406][root][INFO] - step=11, T=Decimal('0.60'), stage=0, iter=2, loss=0.021275276501134918, info=(3.4281051955625756e-34,)
[2024-11-13 07:02:54,457][root][INFO] - step=11, T=Decimal('0.60'), stage=0, iter=3, loss=0.021275678537246868, info=(4.022475546956634e-34,)
[2024-11-13 07:02:54,508][root][INFO] - step=11, T=Decimal('0.60'), stage=0, iter=4, loss=0.02127629276787021, info=(3.2352364191288904e-34,)
[2024-11-13 07:02:54,559][root][INFO] - step=11, T=Decimal('0.60'), stage=0, iter=5, loss=0.021275975305448464, info=(5.393393078538243e-34,)
[2024-11-13 07:02:54,561][root][INFO] - step=11, T=Decimal('0.60'), stage=0, loss=2.2010628430822743e-10
[2024-11-13 07:02:54,581][root][INFO] - step=11, T=Decimal('0.60'), err=(4.646074500322502, 1.0587833758646832), loss=[2.2010628430822743e-10], training_time=7.950507055968046
[2024-11-13 07:02:54,631][root][INFO] - step=12, T=Decimal('0.65'), stage=0, iter=0, loss=0.02127707034753533, info=(5.456092834479229e-35,)
[2024-11-13 07:02:54,682][root][INFO] - step=12, T=Decimal('0.65'), stage=0, iter=1, loss=0.021527430748786363, info=(5.7789650979237895e-34,)
[2024-11-13 07:02:54,732][root][INFO] - step=12, T=Decimal('0.65'), stage=0, iter=2, loss=0.021537512478566213, info=(4.81632407544287e-34,)
[2024-11-13 07:02:54,783][root][INFO] - step=12, T=Decimal('0.65'), stage=0, iter=3, loss=0.02153775927837997, info=(2.664808499938182e-34,)
[2024-11-13 07:02:54,834][root][INFO] - step=12, T=Decimal('0.65'), stage=0, iter=4, loss=0.021538961699397542, info=(6.301679196319391e-34,)
[2024-11-13 07:02:54,885][root][INFO] - step=12, T=Decimal('0.65'), stage=0, iter=5, loss=0.02153768440851681, info=(4.3319634648964684e-34,)
[2024-11-13 07:02:54,887][root][INFO] - step=12, T=Decimal('0.65'), stage=0, loss=4.1095457157984954e-09
[2024-11-13 07:02:54,907][root][INFO] - step=12, T=Decimal('0.65'), err=(4.536492131208711, 1.0635658782522746), loss=[4.1095457157984954e-09], training_time=8.256766005884856
[2024-11-13 07:02:54,957][root][INFO] - step=13, T=Decimal('0.70'), stage=0, iter=0, loss=0.021538503783657764, info=(1.642820148349369e-34,)
[2024-11-13 07:02:55,007][root][INFO] - step=13, T=Decimal('0.70'), stage=0, iter=1, loss=0.021777635593445855, info=(6.3491980962739015e-34,)
[2024-11-13 07:02:55,058][root][INFO] - step=13, T=Decimal('0.70'), stage=0, iter=2, loss=0.021784575651961735, info=(3.000476881122736e-34,)
[2024-11-13 07:02:55,109][root][INFO] - step=13, T=Decimal('0.70'), stage=0, iter=3, loss=0.021785120503928466, info=(4.168892551901166e-34,)
[2024-11-13 07:02:55,159][root][INFO] - step=13, T=Decimal('0.70'), stage=0, iter=4, loss=0.02178450443474021, info=(6.275241593685429e-34,)
[2024-11-13 07:02:55,211][root][INFO] - step=13, T=Decimal('0.70'), stage=0, iter=5, loss=0.021784604539648502, info=(1.7650901747710918e-34,)
[2024-11-13 07:02:55,213][root][INFO] - step=13, T=Decimal('0.70'), stage=0, loss=4.058211730132333e-10
[2024-11-13 07:02:55,232][root][INFO] - step=13, T=Decimal('0.70'), err=(4.432561879623738, 1.0691528034941742), loss=[4.058211730132333e-10], training_time=8.56239328882657
[2024-11-13 07:02:55,283][root][INFO] - step=14, T=Decimal('0.75'), stage=0, iter=0, loss=0.021785816605913465, info=(1.1316159424422629e-34,)
[2024-11-13 07:02:55,334][root][INFO] - step=14, T=Decimal('0.75'), stage=0, iter=1, loss=0.02200688879754411, info=(8.757804847385482e-34,)
[2024-11-13 07:02:55,384][root][INFO] - step=14, T=Decimal('0.75'), stage=0, iter=2, loss=0.022018522977453946, info=(2.723833010028846e-34,)
[2024-11-13 07:02:55,435][root][INFO] - step=14, T=Decimal('0.75'), stage=0, iter=3, loss=0.022017752432276032, info=(2.0997042844597528e-34,)
[2024-11-13 07:02:55,485][root][INFO] - step=14, T=Decimal('0.75'), stage=0, iter=4, loss=0.02201868168517788, info=(4.652676894709174e-34,)
[2024-11-13 07:02:55,534][root][INFO] - step=14, T=Decimal('0.75'), stage=0, iter=5, loss=0.022017943561847674, info=(4.116658817573904e-34,)
[2024-11-13 07:02:55,536][root][INFO] - step=14, T=Decimal('0.75'), stage=0, loss=5.836426337926288e-11
[2024-11-13 07:02:55,556][root][INFO] - step=14, T=Decimal('0.75'), err=(4.331808956027252, 1.0750136304315172), loss=[5.836426337926288e-11], training_time=8.865909674903378
[2024-11-13 07:02:55,605][root][INFO] - step=15, T=Decimal('0.80'), stage=0, iter=0, loss=0.022018534282446996, info=(6.175588530179442e-35,)
[2024-11-13 07:02:55,656][root][INFO] - step=15, T=Decimal('0.80'), stage=0, iter=1, loss=0.022232317021513362, info=(7.5913604255320835e-34,)
[2024-11-13 07:02:55,706][root][INFO] - step=15, T=Decimal('0.80'), stage=0, iter=2, loss=0.02223686540221626, info=(4.459968830393765e-34,)
[2024-11-13 07:02:55,756][root][INFO] - step=15, T=Decimal('0.80'), stage=0, iter=3, loss=0.022236706857833757, info=(3.0737726273163518e-34,)
[2024-11-13 07:02:55,806][root][INFO] - step=15, T=Decimal('0.80'), stage=0, iter=4, loss=0.0222373776711985, info=(3.65519784717198e-34,)
[2024-11-13 07:02:55,856][root][INFO] - step=15, T=Decimal('0.80'), stage=0, iter=5, loss=0.022236554502730235, info=(1.6702071176730977e-34,)
[2024-11-13 07:02:55,859][root][INFO] - step=15, T=Decimal('0.80'), stage=0, loss=2.9096887256351824e-10
[2024-11-13 07:02:55,878][root][INFO] - step=15, T=Decimal('0.80'), err=(4.234695170342273, 1.0812982267944138), loss=[2.9096887256351824e-10], training_time=9.168566982960328
[2024-11-13 07:02:55,927][root][INFO] - step=16, T=Decimal('0.85'), stage=0, iter=0, loss=0.022237590824786616, info=(2.5324314403180723e-34,)
[2024-11-13 07:02:55,978][root][INFO] - step=16, T=Decimal('0.85'), stage=0, iter=1, loss=0.022435284664779696, info=(5.508979989067575e-34,)
[2024-11-13 07:02:56,028][root][INFO] - step=16, T=Decimal('0.85'), stage=0, iter=2, loss=0.02244273384988567, info=(8.706916962254416e-34,)
[2024-11-13 07:02:56,078][root][INFO] - step=16, T=Decimal('0.85'), stage=0, iter=3, loss=0.022442747265059546, info=(2.968184765608702e-34,)
[2024-11-13 07:02:56,128][root][INFO] - step=16, T=Decimal('0.85'), stage=0, iter=4, loss=0.022443570133030014, info=(6.810763299963967e-34,)
[2024-11-13 07:02:56,178][root][INFO] - step=16, T=Decimal('0.85'), stage=0, iter=5, loss=0.02244287277528002, info=(6.1042250735625384e-34,)
[2024-11-13 07:02:56,181][root][INFO] - step=16, T=Decimal('0.85'), stage=0, loss=1.299230027461776e-10
[2024-11-13 07:02:56,200][root][INFO] - step=16, T=Decimal('0.85'), err=(4.140237318688472, 1.0877905927774727), loss=[1.299230027461776e-10], training_time=9.471228495938703
[2024-11-13 07:02:56,249][root][INFO] - step=17, T=Decimal('0.90'), stage=0, iter=0, loss=0.022443261674215717, info=(1.6758877787924395e-34,)
[2024-11-13 07:02:56,302][root][INFO] - step=17, T=Decimal('0.90'), stage=0, iter=1, loss=0.02262908466586312, info=(1.093085584673922e-33,)
[2024-11-13 07:02:56,354][root][INFO] - step=17, T=Decimal('0.90'), stage=0, iter=2, loss=0.0226358285861926, info=(3.2507451385425703e-34,)
[2024-11-13 07:02:56,406][root][INFO] - step=17, T=Decimal('0.90'), stage=0, iter=3, loss=0.022635458874018688, info=(3.0413188813290797e-34,)
[2024-11-13 07:02:56,458][root][INFO] - step=17, T=Decimal('0.90'), stage=0, iter=4, loss=0.02263545683298179, info=(4.166676102201393e-34,)
[2024-11-13 07:02:56,512][root][INFO] - step=17, T=Decimal('0.90'), stage=0, iter=5, loss=0.022635600084112216, info=(6.35413149912751e-34,)
[2024-11-13 07:02:56,516][root][INFO] - step=17, T=Decimal('0.90'), stage=0, loss=2.989426672182345e-09
[2024-11-13 07:02:56,537][root][INFO] - step=17, T=Decimal('0.90'), err=(4.050645539821274, 1.0951099555488757), loss=[2.989426672182345e-09], training_time=9.78699160600081
[2024-11-13 07:02:56,590][root][INFO] - step=18, T=Decimal('0.95'), stage=0, iter=0, loss=0.022636231302606318, info=(1.7425990179494333e-34,)
[2024-11-13 07:02:56,642][root][INFO] - step=18, T=Decimal('0.95'), stage=0, iter=1, loss=0.02281370204103011, info=(3.6487734950382476e-34,)
[2024-11-13 07:02:56,695][root][INFO] - step=18, T=Decimal('0.95'), stage=0, iter=2, loss=0.02281595025133027, info=(3.4631849775624863e-34,)
[2024-11-13 07:02:56,748][root][INFO] - step=18, T=Decimal('0.95'), stage=0, iter=3, loss=0.02281546235417246, info=(2.166498995880344e-34,)
[2024-11-13 07:02:56,800][root][INFO] - step=18, T=Decimal('0.95'), stage=0, iter=4, loss=0.022815621004654604, info=(4.347388614008645e-34,)
[2024-11-13 07:02:56,855][root][INFO] - step=18, T=Decimal('0.95'), stage=0, iter=5, loss=0.022815676452119432, info=(7.850019692235874e-34,)
[2024-11-13 07:02:56,858][root][INFO] - step=18, T=Decimal('0.95'), stage=0, loss=2.0710889478695776e-10
[2024-11-13 07:02:56,879][root][INFO] - step=18, T=Decimal('0.95'), err=(3.963275681259268, 1.1025957231767645), loss=[2.0710889478695776e-10], training_time=10.107432282995433
[2024-11-13 07:02:56,931][root][INFO] - step=19, T=Decimal('1.00'), stage=0, iter=0, loss=0.022816676480017093, info=(2.3889976822841932e-34,)
[2024-11-13 07:02:56,983][root][INFO] - step=19, T=Decimal('1.00'), stage=0, iter=1, loss=0.0229780858021628, info=(6.149286455639859e-34,)
[2024-11-13 07:02:57,035][root][INFO] - step=19, T=Decimal('1.00'), stage=0, iter=2, loss=0.022984179781035858, info=(2.1597421992505203e-34,)
[2024-11-13 07:02:57,089][root][INFO] - step=19, T=Decimal('1.00'), stage=0, iter=3, loss=0.022983872584161173, info=(4.208377223474295e-34,)
[2024-11-13 07:02:57,142][root][INFO] - step=19, T=Decimal('1.00'), stage=0, iter=4, loss=0.022984195590806042, info=(2.3698204884867323e-34,)
[2024-11-13 07:02:57,193][root][INFO] - step=19, T=Decimal('1.00'), stage=0, iter=5, loss=0.022984047760411217, info=(4.407241021097174e-34,)
[2024-11-13 07:02:57,195][root][INFO] - step=19, T=Decimal('1.00'), stage=0, loss=2.107220926468189e-10
[2024-11-13 07:02:57,196][root][WARNING] - Failed to load exact solution at T=Decimal('1.00'), if you are using the provided exact solution, only selected time steps are provided due to file size limitations, e=FileNotFoundError(2, 'No such file or directory')
[2024-11-13 07:02:57,196][root][INFO] - step=19, T=Decimal('1.00'), err=(nan, nan), loss=[2.107220926468189e-10], training_time=10.422780920984223
[2024-11-13 07:02:57,196][root][INFO] - Total time: 15.33 seconds
