[2024-11-13 08:57:52,392][jax._src.xla_bridge][INFO] - Unable to initialize backend 'rocm': module 'jaxlib.xla_extension' has no attribute 'GpuAllocatorConfig'
[2024-11-13 08:57:52,393][jax._src.xla_bridge][INFO] - Unable to initialize backend 'tpu': INTERNAL: Failed to open libtpu.so: libtpu.so: cannot open shared object file: No such file or directory
[2024-11-13 08:57:56,483][root][INFO] - step=-1, T=Decimal('0'), err=(6.501884761416838, 1.0126811102426405), loss=(0, 0), training_time=0
[2024-11-13 08:57:59,580][root][INFO] - step=0, T=Decimal('0.005'), stage=0, iter=0, loss=0.016808218459617653, info=(1.7055352429515373e-19,)
[2024-11-13 08:58:01,155][root][INFO] - step=0, T=Decimal('0.005'), stage=0, iter=1, loss=8289155260.970163, info=(2788571338.1259847,)
[2024-11-13 08:58:01,843][root][INFO] - step=0, T=Decimal('0.005'), stage=0, iter=2, loss=5295374688.595795, info=(3627677797.523094,)
[2024-11-13 08:58:02,502][root][INFO] - step=0, T=Decimal('0.005'), stage=0, iter=3, loss=2135151273.7802424, info=(4222207836.2441993,)
[2024-11-13 08:58:03,173][root][INFO] - step=0, T=Decimal('0.005'), stage=0, iter=4, loss=2429442043.7184715, info=(1493099941.2719402,)
[2024-11-13 08:58:03,855][root][INFO] - step=0, T=Decimal('0.005'), stage=0, iter=5, loss=875494478.8914989, info=(1075916335.7210395,)
[2024-11-13 08:58:04,008][root][INFO] - step=0, T=Decimal('0.005'), stage=0, loss=537958167.8605249
[2024-11-13 08:58:04,039][root][INFO] - step=0, T=Decimal('0.005'), err=(315917.8498970217, 49444.16078274356), loss=[537958167.8605249], training_time=7.524932746076956
[2024-11-13 08:58:04,085][root][INFO] - step=1, T=Decimal('0.010'), stage=0, iter=0, loss=73757971.38437027, info=(138239826.95622742,)
[2024-11-13 08:58:04,172][root][INFO] - step=1, T=Decimal('0.010'), stage=0, iter=1, loss=136733904.8042202, info=(213733214.58285588,)
[2024-11-13 08:58:04,196][root][INFO] - step=1, T=Decimal('0.010'), stage=0, iter=2, loss=157291394.10820153, info=(300414895.61648697,)
[2024-11-13 08:58:04,216][root][INFO] - step=1, T=Decimal('0.010'), stage=0, iter=3, loss=198775203.5698733, info=(302579109.9122195,)
[2024-11-13 08:58:04,234][root][INFO] - step=1, T=Decimal('0.010'), stage=0, iter=4, loss=188163448.18087292, info=(356657994.8569438,)
[2024-11-13 08:58:04,264][root][INFO] - step=1, T=Decimal('0.010'), stage=0, iter=5, loss=213253902.5509442, info=(141975781.7397675,)
[2024-11-13 08:58:04,267][root][INFO] - step=1, T=Decimal('0.010'), stage=0, loss=70987890.8699134
[2024-11-13 08:58:04,287][root][INFO] - step=1, T=Decimal('0.010'), err=(347680.9542849634, 54674.815851788975), loss=[70987890.8699134], training_time=7.7517750770784914
[2024-11-13 08:58:04,326][root][INFO] - step=2, T=Decimal('0.015'), stage=0, iter=0, loss=6560069.156622413, info=(12712092.802257692,)
[2024-11-13 08:58:04,345][root][INFO] - step=2, T=Decimal('0.015'), stage=0, iter=1, loss=12625980.03153985, info=(18575465.87918989,)
[2024-11-13 08:58:04,367][root][INFO] - step=2, T=Decimal('0.015'), stage=0, iter=2, loss=13497422.551126555, info=(14880375.663189238,)
[2024-11-13 08:58:04,388][root][INFO] - step=2, T=Decimal('0.015'), stage=0, iter=3, loss=9071888.42882163, info=(15107077.565873371,)
[2024-11-13 08:58:04,409][root][INFO] - step=2, T=Decimal('0.015'), stage=0, iter=4, loss=8891912.670421872, info=(16138388.946944589,)
[2024-11-13 08:58:04,434][root][INFO] - step=2, T=Decimal('0.015'), stage=0, iter=5, loss=9360831.077393135, info=(18649971.40509266,)
[2024-11-13 08:58:04,436][root][INFO] - step=2, T=Decimal('0.015'), stage=0, loss=9324985.702546582
[2024-11-13 08:58:04,456][root][INFO] - step=2, T=Decimal('0.015'), err=(357264.6288582092, 56444.59396249001), loss=[9324985.702546582], training_time=7.901200560154393
[2024-11-13 08:58:04,501][root][INFO] - step=3, T=Decimal('0.020'), stage=0, iter=0, loss=1294862.6289461534, info=(2153008.299675949,)
[2024-11-13 08:58:04,520][root][INFO] - step=3, T=Decimal('0.020'), stage=0, iter=1, loss=2102867.414892724, info=(2971625.9668696597,)
[2024-11-13 08:58:04,543][root][INFO] - step=3, T=Decimal('0.020'), stage=0, iter=2, loss=2090380.6885833964, info=(1845345.329920809,)
[2024-11-13 08:58:04,563][root][INFO] - step=3, T=Decimal('0.020'), stage=0, iter=3, loss=1055950.5710360082, info=(1904667.172987045,)
[2024-11-13 08:58:04,584][root][INFO] - step=3, T=Decimal('0.020'), stage=0, iter=4, loss=1048242.7363445653, info=(1956114.6040534345,)
[2024-11-13 08:58:04,608][root][INFO] - step=3, T=Decimal('0.020'), stage=0, iter=5, loss=1047482.4638168928, info=(1946806.4590966303,)
[2024-11-13 08:58:04,611][root][INFO] - step=3, T=Decimal('0.020'), stage=0, loss=973403.2295492878
[2024-11-13 08:58:04,632][root][INFO] - step=3, T=Decimal('0.020'), err=(368521.2487002147, 58490.19753889843), loss=[973403.2295492878], training_time=8.055762880248949
[2024-11-13 08:58:04,675][root][INFO] - step=4, T=Decimal('0.025'), stage=0, iter=0, loss=58499.481442830984, info=(97876.98407486433,)
[2024-11-13 08:58:04,695][root][INFO] - step=4, T=Decimal('0.025'), stage=0, iter=1, loss=95230.88642206878, info=(161996.6946809034,)
[2024-11-13 08:58:04,719][root][INFO] - step=4, T=Decimal('0.025'), stage=0, iter=2, loss=116438.99583203664, info=(185980.89657094053,)
[2024-11-13 08:58:04,739][root][INFO] - step=4, T=Decimal('0.025'), stage=0, iter=3, loss=117626.9216063081, info=(159977.71175375252,)
[2024-11-13 08:58:04,760][root][INFO] - step=4, T=Decimal('0.025'), stage=0, iter=4, loss=92137.30972410213, info=(127176.07184588302,)
[2024-11-13 08:58:04,780][root][INFO] - step=4, T=Decimal('0.025'), stage=0, iter=5, loss=73354.44992394211, info=(145906.4981250003,)
[2024-11-13 08:58:04,783][root][INFO] - step=4, T=Decimal('0.025'), stage=0, loss=72953.24907973254
[2024-11-13 08:58:04,802][root][INFO] - step=4, T=Decimal('0.025'), err=(368990.10183018266, 58828.48625791039), loss=[72953.24907973254], training_time=8.206770477350801
[2024-11-13 08:58:04,847][root][INFO] - step=5, T=Decimal('0.030'), stage=0, iter=0, loss=9677.56830921248, info=(13722.743236225666,)
[2024-11-13 08:58:04,867][root][INFO] - step=5, T=Decimal('0.030'), stage=0, iter=1, loss=13068.425280920374, info=(14225.42559560366,)
[2024-11-13 08:58:04,889][root][INFO] - step=5, T=Decimal('0.030'), stage=0, iter=2, loss=9723.67253312024, info=(15630.957650160646,)
[2024-11-13 08:58:04,908][root][INFO] - step=5, T=Decimal('0.030'), stage=0, iter=3, loss=9805.983919320777, info=(17754.87171958929,)
[2024-11-13 08:58:04,930][root][INFO] - step=5, T=Decimal('0.030'), stage=0, iter=4, loss=10710.205175460607, info=(21253.80087734503,)
[2024-11-13 08:58:04,945][root][INFO] - step=5, T=Decimal('0.030'), stage=0, iter=5, loss=12457.377420949964, info=(24910.926564418092,)
[2024-11-13 08:58:04,948][root][INFO] - step=5, T=Decimal('0.030'), stage=0, loss=12455.463282209257
[2024-11-13 08:58:04,967][root][INFO] - step=5, T=Decimal('0.030'), err=(368815.66833690816, 59060.98027291204), loss=[12455.463282209257], training_time=8.351743661332875
[2024-11-13 08:58:05,011][root][INFO] - step=6, T=Decimal('0.035'), stage=0, iter=0, loss=1831.2906364695914, info=(1887.9151619858546,)
[2024-11-13 08:58:05,035][root][INFO] - step=6, T=Decimal('0.035'), stage=0, iter=1, loss=1669.0542953323663, info=(2463.362683501931,)
[2024-11-13 08:58:05,053][root][INFO] - step=6, T=Decimal('0.035'), stage=0, iter=2, loss=1659.7235101649003, info=(3152.1138759308055,)
[2024-11-13 08:58:05,074][root][INFO] - step=6, T=Decimal('0.035'), stage=0, iter=3, loss=1970.7373249345806, info=(3545.6444817298234,)
[2024-11-13 08:58:05,095][root][INFO] - step=6, T=Decimal('0.035'), stage=0, iter=4, loss=2131.909878955453, info=(3956.265702602259,)
[2024-11-13 08:58:05,118][root][INFO] - step=6, T=Decimal('0.035'), stage=0, iter=5, loss=2294.3202850965554, info=(4231.347428954039,)
[2024-11-13 08:58:05,121][root][INFO] - step=6, T=Decimal('0.035'), stage=0, loss=2115.673716318158
[2024-11-13 08:58:05,140][root][INFO] - step=6, T=Decimal('0.035'), err=(368968.2673949294, 59342.54989470982), loss=[2115.673716318158], training_time=8.505070257466286
[2024-11-13 08:58:05,185][root][INFO] - step=7, T=Decimal('0.040'), stage=0, iter=0, loss=281.30146941785375, info=(556.6029987681801,)
[2024-11-13 08:58:05,208][root][INFO] - step=7, T=Decimal('0.040'), stage=0, iter=1, loss=556.1257622016021, info=(751.0101977794228,)
[2024-11-13 08:58:05,230][root][INFO] - step=7, T=Decimal('0.040'), stage=0, iter=2, loss=540.5130237208739, info=(965.300065239588,)
[2024-11-13 08:58:05,248][root][INFO] - step=7, T=Decimal('0.040'), stage=0, iter=3, loss=624.92851356176, info=(1228.7235762982305,)
[2024-11-13 08:58:05,262][root][INFO] - step=7, T=Decimal('0.040'), stage=0, iter=4, loss=754.3455056488812, info=(1476.3078844926058,)
[2024-11-13 08:58:05,289][root][INFO] - step=7, T=Decimal('0.040'), stage=0, iter=5, loss=875.7018448843063, info=(1225.2412997531349,)
[2024-11-13 08:58:05,292][root][INFO] - step=7, T=Decimal('0.040'), stage=0, loss=612.6206671421594
[2024-11-13 08:58:05,312][root][INFO] - step=7, T=Decimal('0.040'), err=(368993.8355108223, 59600.69266357546), loss=[612.6206671421594], training_time=8.656515220412984
[2024-11-13 08:58:05,356][root][INFO] - step=8, T=Decimal('0.045'), stage=0, iter=0, loss=86.33715487590466, info=(167.13536404977364,)
[2024-11-13 08:58:05,375][root][INFO] - step=8, T=Decimal('0.045'), stage=0, iter=1, loss=166.56649002265576, info=(301.2872028579392,)
[2024-11-13 08:58:05,397][root][INFO] - step=8, T=Decimal('0.045'), stage=0, iter=2, loss=224.232502959134, info=(360.2272869203283,)
[2024-11-13 08:58:05,417][root][INFO] - step=8, T=Decimal('0.045'), stage=0, iter=3, loss=236.0595020484241, info=(456.20162626338316,)
[2024-11-13 08:58:05,442][root][INFO] - step=8, T=Decimal('0.045'), stage=0, iter=4, loss=283.33036253084026, info=(478.20839711324044,)
[2024-11-13 08:58:05,463][root][INFO] - step=8, T=Decimal('0.045'), stage=0, iter=5, loss=283.5794629427273, info=(539.5375365912412,)
[2024-11-13 08:58:05,466][root][INFO] - step=8, T=Decimal('0.045'), stage=0, loss=269.76877304767805
[2024-11-13 08:58:05,485][root][INFO] - step=8, T=Decimal('0.045'), err=(369006.60121795896, 59853.82466773015), loss=[269.76877304767805], training_time=8.809887335402891
[2024-11-13 08:58:05,528][root][INFO] - step=9, T=Decimal('0.050'), stage=0, iter=0, loss=42.08232145556653, info=(81.12478265522958,)
[2024-11-13 08:58:05,545][root][INFO] - step=9, T=Decimal('0.050'), stage=0, iter=1, loss=80.37902711282051, info=(159.7250336759418,)
[2024-11-13 08:58:05,565][root][INFO] - step=9, T=Decimal('0.050'), stage=0, iter=2, loss=119.46492609794666, info=(234.09771417869428,)
[2024-11-13 08:58:05,585][root][INFO] - step=9, T=Decimal('0.050'), stage=0, iter=3, loss=155.54526610190965, info=(270.1846863863535,)
[2024-11-13 08:58:05,606][root][INFO] - step=9, T=Decimal('0.050'), stage=0, iter=4, loss=167.82701629761806, info=(334.19679895900464,)
[2024-11-13 08:58:05,629][root][INFO] - step=9, T=Decimal('0.050'), stage=0, iter=5, loss=199.68103124916553, info=(371.9122399808164,)
[2024-11-13 08:58:05,631][root][INFO] - step=9, T=Decimal('0.050'), stage=0, loss=185.95612060877565
[2024-11-13 08:58:05,650][root][INFO] - step=9, T=Decimal('0.050'), err=(369017.38209692, 60103.82501444536), loss=[185.95612060877565], training_time=8.956235111225396
[2024-11-13 08:58:05,693][root][INFO] - step=10, T=Decimal('0.055'), stage=0, iter=0, loss=30.523572067386777, info=(59.20813208411045,)
[2024-11-13 08:58:05,714][root][INFO] - step=10, T=Decimal('0.055'), stage=0, iter=1, loss=58.88277244403431, info=(113.68724582473158,)
[2024-11-13 08:58:05,735][root][INFO] - step=10, T=Decimal('0.055'), stage=0, iter=2, loss=84.95336765698585, info=(159.50270154588898,)
[2024-11-13 08:58:05,755][root][INFO] - step=10, T=Decimal('0.055'), stage=0, iter=3, loss=105.80145169978675, info=(211.4609320338202,)
[2024-11-13 08:58:05,777][root][INFO] - step=10, T=Decimal('0.055'), stage=0, iter=4, loss=131.72894229565176, info=(262.8016944842659,)
[2024-11-13 08:58:05,804][root][INFO] - step=10, T=Decimal('0.055'), stage=0, iter=5, loss=157.253073585008, info=(297.0469702888231,)
[2024-11-13 08:58:05,806][root][INFO] - step=10, T=Decimal('0.055'), stage=0, loss=148.52348554950842
[2024-11-13 08:58:05,825][root][INFO] - step=10, T=Decimal('0.055'), err=(369038.93081683887, 60352.91192139791), loss=[148.52348554950842], training_time=9.111566595267504
[2024-11-13 08:58:05,868][root][INFO] - step=11, T=Decimal('0.060'), stage=0, iter=0, loss=24.368080713833496, info=(47.474376303422666,)
[2024-11-13 08:58:05,886][root][INFO] - step=11, T=Decimal('0.060'), stage=0, iter=1, loss=47.34639374893446, info=(94.44027233840193,)
[2024-11-13 08:58:05,902][root][INFO] - step=11, T=Decimal('0.060'), stage=0, iter=2, loss=70.70206292804448, info=(141.1228578317091,)
[2024-11-13 08:58:05,926][root][INFO] - step=11, T=Decimal('0.060'), stage=0, iter=3, loss=93.9874334754701, info=(186.86024168129327,)
[2024-11-13 08:58:05,948][root][INFO] - step=11, T=Decimal('0.060'), stage=0, iter=4, loss=116.698232611345, info=(226.16976328270104,)
[2024-11-13 08:58:05,972][root][INFO] - step=11, T=Decimal('0.060'), stage=0, iter=5, loss=135.4417326560292, info=(266.97212577717187,)
[2024-11-13 08:58:05,974][root][INFO] - step=11, T=Decimal('0.060'), stage=0, loss=133.48606746140672
[2024-11-13 08:58:05,995][root][INFO] - step=11, T=Decimal('0.060'), err=(369066.60677279154, 60600.47510947155), loss=[133.48606746140672], training_time=9.2604810311459
[2024-11-13 08:58:06,040][root][INFO] - step=12, T=Decimal('0.065'), stage=0, iter=0, loss=21.978073952833487, info=(43.457564213661854,)
[2024-11-13 08:58:06,060][root][INFO] - step=12, T=Decimal('0.065'), stage=0, iter=1, loss=43.36940526700162, info=(82.40841921999272,)
[2024-11-13 08:58:06,080][root][INFO] - step=12, T=Decimal('0.065'), stage=0, iter=2, loss=61.63547802627227, info=(123.10846264260705,)
[2024-11-13 08:58:06,098][root][INFO] - step=12, T=Decimal('0.065'), stage=0, iter=3, loss=81.93129093491638, info=(161.27107580620552,)
[2024-11-13 08:58:06,112][root][INFO] - step=12, T=Decimal('0.065'), stage=0, iter=4, loss=100.65941901177342, info=(201.31812837565226,)
[2024-11-13 08:58:06,134][root][INFO] - step=12, T=Decimal('0.065'), stage=0, iter=5, loss=120.6823036619332, info=(174.92197144432296,)
[2024-11-13 08:58:06,137][root][INFO] - step=12, T=Decimal('0.065'), stage=0, loss=87.4609877631989
[2024-11-13 08:58:06,156][root][INFO] - step=12, T=Decimal('0.065'), err=(369084.66644041415, 60844.05568634982), loss=[87.4609877631989], training_time=9.402034544153139
[2024-11-13 08:58:06,198][root][INFO] - step=13, T=Decimal('0.070'), stage=0, iter=0, loss=14.140710173580494, info=(22.306087716772332,)
[2024-11-13 08:58:06,218][root][INFO] - step=13, T=Decimal('0.070'), stage=0, iter=1, loss=21.73532211319698, info=(42.91556128935577,)
[2024-11-13 08:58:06,229][root][INFO] - step=13, T=Decimal('0.070'), stage=0, iter=2, loss=31.8526506863432, info=(nan,)
[2024-11-13 08:58:06,430][root][INFO] - step=13, T=Decimal('0.070'), stage=0, iter=3, loss=nan, info=(nan,)
[2024-11-13 08:58:06,646][root][INFO] - step=13, T=Decimal('0.070'), stage=0, iter=4, loss=nan, info=(nan,)
[2024-11-13 08:58:06,899][root][INFO] - step=13, T=Decimal('0.070'), stage=0, iter=5, loss=nan, info=(nan,)
[2024-11-13 08:58:06,902][root][INFO] - step=13, T=Decimal('0.070'), stage=0, loss=nan
[2024-11-13 08:58:06,921][root][INFO] - step=13, T=Decimal('0.070'), err=(nan, nan), loss=[nan], training_time=10.147793998010457
