[2024-11-13 06:11:17,120][jax._src.xla_bridge][INFO] - Unable to initialize backend 'rocm': module 'jaxlib.xla_extension' has no attribute 'GpuAllocatorConfig'
[2024-11-13 06:11:17,121][jax._src.xla_bridge][INFO] - Unable to initialize backend 'tpu': INTERNAL: Failed to open libtpu.so: libtpu.so: cannot open shared object file: No such file or directory
[2024-11-13 06:11:21,075][root][INFO] - step=-1, T=Decimal('0'), err=(6.501884761416836, 1.0126811102426405), loss=(0, 0), training_time=0
[2024-11-13 06:11:24,282][root][INFO] - step=0, T=Decimal('0.2'), stage=0, iter=0, loss=0.01682403348157394, info=(1.851555404088103e-33,)
[2024-11-13 06:11:25,808][root][INFO] - step=0, T=Decimal('0.2'), stage=0, iter=1, loss=0.01905757187739917, info=(3.507670073534318e-32,)
[2024-11-13 06:11:25,969][root][INFO] - step=0, T=Decimal('0.2'), stage=0, iter=2, loss=0.018759510025511114, info=(2.0943174530274143e-32,)
[2024-11-13 06:11:26,122][root][INFO] - step=0, T=Decimal('0.2'), stage=0, iter=3, loss=0.018812163291034564, info=(4.538443510823516e-32,)
[2024-11-13 06:11:26,127][root][INFO] - step=0, T=Decimal('0.2'), stage=0, loss=6.0257135314659e-06
[2024-11-13 06:11:26,166][root][INFO] - step=0, T=Decimal('0.2'), err=(5.724162545069118, 1.0354496526648937), loss=[6.0257135314659e-06], training_time=5.0518843189347535
[2024-11-13 06:11:26,325][root][INFO] - step=1, T=Decimal('0.4'), stage=0, iter=0, loss=0.01880589771691195, info=(8.557177553939934e-33,)
[2024-11-13 06:11:26,499][root][INFO] - step=1, T=Decimal('0.4'), stage=0, iter=1, loss=0.019468482989208155, info=(1.5659652135768048e-31,)
[2024-11-13 06:11:26,636][root][INFO] - step=1, T=Decimal('0.4'), stage=0, iter=2, loss=0.02116576415594483, info=(4.3326594126534535e-32,)
[2024-11-13 06:11:26,834][root][INFO] - step=1, T=Decimal('0.4'), stage=0, iter=3, loss=0.020473331761775453, info=(3.258107112724977e-32,)
[2024-11-13 06:11:26,839][root][INFO] - step=1, T=Decimal('0.4'), stage=0, loss=1.212772113884335e-05
[2024-11-13 06:11:26,882][root][INFO] - step=1, T=Decimal('0.4'), err=(5.252911459972642, 1.0686712373215372), loss=[1.212772113884335e-05], training_time=5.7228884778451174
[2024-11-13 06:11:27,031][root][INFO] - step=2, T=Decimal('0.6'), stage=0, iter=0, loss=0.020466401581708888, info=(4.781758054082703e-31,)
[2024-11-13 06:11:27,100][root][INFO] - step=2, T=Decimal('0.6'), stage=0, iter=1, loss=0.026275856700953965, info=(1.6753163026294956e-29,)
[2024-11-13 06:11:27,173][root][INFO] - step=2, T=Decimal('0.6'), stage=0, iter=2, loss=1.3291452753723827, info=(6.233850043992606e-29,)
[2024-11-13 06:11:27,268][root][INFO] - step=2, T=Decimal('0.6'), stage=0, iter=3, loss=0.9971349762140356, info=(1.0515250088263762e-28,)
[2024-11-13 06:11:27,274][root][INFO] - step=2, T=Decimal('0.6'), stage=0, loss=0.3170412246206976
[2024-11-13 06:11:27,313][root][INFO] - step=2, T=Decimal('0.6'), err=(21.728248654626977, 4.951601284175774), loss=[0.3170412246206976], training_time=6.114333543926477
[2024-11-13 06:11:27,469][root][INFO] - step=3, T=Decimal('0.8'), stage=0, iter=0, loss=0.6991465811086404, info=(3.159006591281163e-30,)
[2024-11-13 06:11:27,668][root][INFO] - step=3, T=Decimal('0.8'), stage=0, iter=1, loss=0.4163325749486027, info=(2.6903448786363438e-27,)
[2024-11-13 06:11:27,799][root][INFO] - step=3, T=Decimal('0.8'), stage=0, iter=2, loss=162.76690572456067, info=(6.808752137869096e-23,)
[2024-11-13 06:11:28,024][root][INFO] - step=3, T=Decimal('0.8'), stage=0, iter=3, loss=265.0049625921822, info=(2.1148368218022463e-17,)
[2024-11-13 06:11:28,032][root][INFO] - step=3, T=Decimal('0.8'), stage=0, loss=255.15274134688121
[2024-11-13 06:11:28,077][root][INFO] - step=3, T=Decimal('0.8'), err=(509.8934506877532, 130.1975376986083), loss=[255.15274134688121], training_time=6.832705237902701
[2024-11-13 06:11:28,218][root][INFO] - step=4, T=Decimal('1.0'), stage=0, iter=0, loss=392.0592143136385, info=(1.702080846916631e-11,)
[2024-11-13 06:11:28,325][root][INFO] - step=4, T=Decimal('1.0'), stage=0, iter=1, loss=982302.5581418483, info=(15660.780673919224,)
[2024-11-13 06:11:28,419][root][INFO] - step=4, T=Decimal('1.0'), stage=0, iter=2, loss=797429735636.8317, info=(254024384545.36606,)
[2024-11-13 06:11:28,520][root][INFO] - step=4, T=Decimal('1.0'), stage=0, iter=3, loss=1462696329873.3538, info=(512795941152.94037,)
[2024-11-13 06:11:28,527][root][INFO] - step=4, T=Decimal('1.0'), stage=0, loss=445877340602.9752
[2024-11-13 06:11:28,573][root][INFO] - step=4, T=Decimal('1.0'), err=(20336266.186727434, 5822040.777402313), loss=[445877340602.9752], training_time=7.2826794548891485
[2024-11-13 06:11:28,712][root][INFO] - step=5, T=Decimal('1.2'), stage=0, iter=0, loss=995519231059.6036, info=(5.797940523955687e-19,)
[2024-11-13 06:11:28,776][root][INFO] - step=5, T=Decimal('1.2'), stage=0, iter=1, loss=664318171427.8584, info=(24378249903.46758,)
[2024-11-13 06:11:28,811][root][INFO] - step=5, T=Decimal('1.2'), stage=0, iter=2, loss=984791432118.3759, info=(17211200685.432327,)
[2024-11-13 06:11:28,896][root][INFO] - step=5, T=Decimal('1.2'), stage=0, iter=3, loss=715788071070.7793, info=(109142180003.61334,)
[2024-11-13 06:11:28,903][root][INFO] - step=5, T=Decimal('1.2'), stage=0, loss=86858671148.62596
[2024-11-13 06:11:28,949][root][INFO] - step=5, T=Decimal('1.2'), err=(17231680.382411882, 5533549.94409757), loss=[86858671148.62596], training_time=7.612503750948235
[2024-11-13 06:11:29,092][root][INFO] - step=6, T=Decimal('1.4'), stage=0, iter=0, loss=803305549779.784, info=(9.711100391372546e-20,)
[2024-11-13 06:11:29,190][root][INFO] - step=6, T=Decimal('1.4'), stage=0, iter=1, loss=773064302965.6626, info=(3.623977525268321e-19,)
[2024-11-13 06:11:29,262][root][INFO] - step=6, T=Decimal('1.4'), stage=0, iter=2, loss=803305561087.9393, info=(1.4468381530287518e-19,)
[2024-11-13 06:11:29,289][root][INFO] - step=6, T=Decimal('1.4'), stage=0, iter=3, loss=773064308247.2533, info=(3.083729323597688e-20,)
[2024-11-13 06:11:29,291][root][INFO] - step=6, T=Decimal('1.4'), stage=0, loss=0.0004385704625965426
[2024-11-13 06:11:29,314][root][INFO] - step=6, T=Decimal('1.4'), err=(17231713.90783585, 6208477.310331641), loss=[0.0004385704625965426], training_time=7.95377032388933
[2024-11-13 06:11:29,387][root][INFO] - step=7, T=Decimal('1.6'), stage=0, iter=0, loss=803305564347.1011, info=(5.027272890852281e-20,)
[2024-11-13 06:11:29,475][root][INFO] - step=7, T=Decimal('1.6'), stage=0, iter=1, loss=773064308719.9266, info=(3.2602827535410054e-19,)
[2024-11-13 06:11:29,572][root][INFO] - step=7, T=Decimal('1.6'), stage=0, iter=2, loss=803305577969.0714, info=(2.0666280424024846e-20,)
[2024-11-13 06:11:29,672][root][INFO] - step=7, T=Decimal('1.6'), stage=0, iter=3, loss=773064305314.4341, info=(4.615667818045893e-19,)
[2024-11-13 06:11:29,677][root][INFO] - step=7, T=Decimal('1.6'), stage=0, loss=9.587379924285255e-05
[2024-11-13 06:11:29,714][root][INFO] - step=7, T=Decimal('1.6'), err=(17231714.123165287, 6966613.002425983), loss=[9.587379924285255e-05], training_time=8.316982731921598
[2024-11-13 06:11:29,837][root][INFO] - step=8, T=Decimal('1.8'), stage=0, iter=0, loss=803305571158.0858, info=(3.20747554323562e-19,)
[2024-11-13 06:11:29,866][root][INFO] - step=8, T=Decimal('1.8'), stage=0, iter=1, loss=773064310747.3677, info=(6450168787.682369,)
[2024-11-13 06:11:29,979][root][INFO] - step=8, T=Decimal('1.8'), stage=0, iter=2, loss=786734662530.6298, info=(5552169724.222884,)
[2024-11-13 06:11:30,077][root][INFO] - step=8, T=Decimal('1.8'), stage=0, iter=3, loss=795451265858.2183, info=(1593270331.421489,)
[2024-11-13 06:11:30,084][root][INFO] - step=8, T=Decimal('1.8'), stage=0, loss=1042706616.5147947
[2024-11-13 06:11:30,132][root][INFO] - step=8, T=Decimal('1.8'), err=(16992109.33490209, 7709129.6246274775), loss=[1042706616.5147947], training_time=8.686466018902138
[2024-11-13 06:11:30,267][root][INFO] - step=9, T=Decimal('2.0'), stage=0, iter=0, loss=787525427873.9489, info=(3.308722450212111e-20,)
[2024-11-13 06:11:30,326][root][INFO] - step=9, T=Decimal('2.0'), stage=0, iter=1, loss=760056744514.4939, info=(2.6430074932294335e-19,)
[2024-11-13 06:11:30,402][root][INFO] - step=9, T=Decimal('2.0'), stage=0, iter=2, loss=787525415915.2021, info=(1.0964444455512895e-19,)
[2024-11-13 06:11:30,478][root][INFO] - step=9, T=Decimal('2.0'), stage=0, iter=3, loss=760056747248.2388, info=(26916665943.030663,)
[2024-11-13 06:11:30,485][root][INFO] - step=9, T=Decimal('2.0'), stage=0, loss=13458332946.661072
[2024-11-13 06:11:30,486][root][WARNING] - Failed to load exact solution at T=Decimal('2.0'), if you are using the provided exact solution, only selected time steps are provided due to file size limitations, e=FileNotFoundError(2, 'No such file or directory')
[2024-11-13 06:11:30,486][root][INFO] - step=9, T=Decimal('2.0'), err=(nan, nan), loss=[13458332946.661072], training_time=9.039539795834571
[2024-11-13 06:11:30,487][root][INFO] - Total time: 14.00 seconds
