[2024-11-13 09:06:07,874][jax._src.xla_bridge][INFO] - Unable to initialize backend 'rocm': module 'jaxlib.xla_extension' has no attribute 'GpuAllocatorConfig'
[2024-11-13 09:06:07,874][jax._src.xla_bridge][INFO] - Unable to initialize backend 'tpu': INTERNAL: Failed to open libtpu.so: libtpu.so: cannot open shared object file: No such file or directory
[2024-11-13 09:06:11,944][root][INFO] - step=-1, T=Decimal('0'), err=(6.501884761416838, 1.0126811102426405), loss=(0, 0), training_time=0
[2024-11-13 09:06:14,980][root][INFO] - step=0, T=Decimal('0.01'), stage=0, iter=0, loss=0.01680824813132864, info=(1.9401813021617056e-19,)
[2024-11-13 09:06:16,485][root][INFO] - step=0, T=Decimal('0.01'), stage=0, iter=1, loss=13168304389.970655, info=(1884452315.3732767,)
[2024-11-13 09:06:17,175][root][INFO] - step=0, T=Decimal('0.01'), stage=0, iter=2, loss=1270428561.4196143, info=(1613820079.719397,)
[2024-11-13 09:06:17,822][root][INFO] - step=0, T=Decimal('0.01'), stage=0, iter=3, loss=885905254.9637579, info=(1697519984.7747927,)
[2024-11-13 09:06:18,494][root][INFO] - step=0, T=Decimal('0.01'), stage=0, iter=4, loss=925635234.6021571, info=(1440800873.4721684,)
[2024-11-13 09:06:18,645][root][INFO] - step=0, T=Decimal('0.01'), stage=0, loss=720400436.7360854
[2024-11-13 09:06:18,674][root][INFO] - step=0, T=Decimal('0.01'), err=(722314.0214615675, 113588.00539361131), loss=[720400436.7360854], training_time=6.701115551870316
[2024-11-13 09:06:18,722][root][INFO] - step=1, T=Decimal('0.02'), stage=0, iter=0, loss=40789180.85582549, info=(69617439.09666601,)
[2024-11-13 09:06:18,746][root][INFO] - step=1, T=Decimal('0.02'), stage=0, iter=1, loss=68286956.9128627, info=(99817709.85115524,)
[2024-11-13 09:06:18,769][root][INFO] - step=1, T=Decimal('0.02'), stage=0, iter=2, loss=72839931.71811692, info=(140034178.36120567,)
[2024-11-13 09:06:18,792][root][INFO] - step=1, T=Decimal('0.02'), stage=0, iter=3, loss=92126294.26572818, info=(181466590.86159486,)
[2024-11-13 09:06:18,814][root][INFO] - step=1, T=Decimal('0.02'), stage=0, iter=4, loss=112551351.52616414, info=(148839087.40306562,)
[2024-11-13 09:06:18,817][root][INFO] - step=1, T=Decimal('0.02'), stage=0, loss=74419543.70153295
[2024-11-13 09:06:18,837][root][INFO] - step=1, T=Decimal('0.02'), err=(731076.6481775453, 116033.51969200971), loss=[74419543.70153295], training_time=6.842164107831195
[2024-11-13 09:06:18,878][root][INFO] - step=2, T=Decimal('0.03'), stage=0, iter=0, loss=14252263.002843112, info=(26149448.327299107,)
[2024-11-13 09:06:18,893][root][INFO] - step=2, T=Decimal('0.03'), stage=0, iter=1, loss=25799312.402506463, info=(51399597.72388065,)
[2024-11-13 09:06:18,915][root][INFO] - step=2, T=Decimal('0.03'), stage=0, iter=2, loss=38337949.3845783, info=(50379463.9713004,)
[2024-11-13 09:06:18,935][root][INFO] - step=2, T=Decimal('0.03'), stage=0, iter=3, loss=32786139.268873114, info=(47725814.312587105,)
[2024-11-13 09:06:18,956][root][INFO] - step=2, T=Decimal('0.03'), stage=0, iter=4, loss=28527417.848794952, info=(42874365.23824201,)
[2024-11-13 09:06:18,959][root][INFO] - step=2, T=Decimal('0.03'), stage=0, loss=21437182.61912136
[2024-11-13 09:06:18,979][root][INFO] - step=2, T=Decimal('0.03'), err=(692681.2187913768, 110923.79014950918), loss=[21437182.61912136], training_time=6.963360989931971
[2024-11-13 09:06:19,022][root][INFO] - step=3, T=Decimal('0.04'), stage=0, iter=0, loss=3430204.9066890962, info=(2843217.499979235,)
[2024-11-13 09:06:19,043][root][INFO] - step=3, T=Decimal('0.04'), stage=0, iter=1, loss=2356053.717641112, info=(4405881.417705554,)
[2024-11-13 09:06:19,064][root][INFO] - step=3, T=Decimal('0.04'), stage=0, iter=2, loss=3053385.343514594, info=(5727473.141789344,)
[2024-11-13 09:06:19,084][root][INFO] - step=3, T=Decimal('0.04'), stage=0, iter=3, loss=3613779.5675538317, info=(6697328.493856965,)
[2024-11-13 09:06:19,105][root][INFO] - step=3, T=Decimal('0.04'), stage=0, iter=4, loss=4021204.341963199, info=(7747355.942940591,)
[2024-11-13 09:06:19,108][root][INFO] - step=3, T=Decimal('0.04'), stage=0, loss=3873677.9714706456
[2024-11-13 09:06:19,128][root][INFO] - step=3, T=Decimal('0.04'), err=(691500.2327520937, 111692.63245819091), loss=[3873677.9714706456], training_time=7.091991444816813
[2024-11-13 09:06:19,170][root][INFO] - step=4, T=Decimal('0.05'), stage=0, iter=0, loss=640350.9334301158, info=(860797.6113681492,)
[2024-11-13 09:06:19,197][root][INFO] - step=4, T=Decimal('0.05'), stage=0, iter=1, loss=796713.0001153159, info=(1384742.5952563572,)
[2024-11-13 09:06:19,219][root][INFO] - step=4, T=Decimal('0.05'), stage=0, iter=2, loss=985322.4696885939, info=(1604150.2887913652,)
[2024-11-13 09:06:19,241][root][INFO] - step=4, T=Decimal('0.05'), stage=0, iter=3, loss=1040242.6812402268, info=(1736330.914478524,)
[2024-11-13 09:06:19,263][root][INFO] - step=4, T=Decimal('0.05'), stage=0, iter=4, loss=1050873.4278114773, info=(2023181.326038684,)
[2024-11-13 09:06:19,266][root][INFO] - step=4, T=Decimal('0.05'), stage=0, loss=1011590.6630262284
[2024-11-13 09:06:19,286][root][INFO] - step=4, T=Decimal('0.05'), err=(691066.1491620482, 112557.6217212805), loss=[1011590.6630262284], training_time=7.2295850068330765
[2024-11-13 09:06:19,330][root][INFO] - step=5, T=Decimal('0.06'), stage=0, iter=0, loss=174127.63084664068, info=(334235.9840699846,)
[2024-11-13 09:06:19,350][root][INFO] - step=5, T=Decimal('0.06'), stage=0, iter=1, loss=333292.1986623517, info=(469438.1983571492,)
[2024-11-13 09:06:19,371][root][INFO] - step=5, T=Decimal('0.06'), stage=0, iter=2, loss=339939.6020658158, info=(620302.7005157474,)
[2024-11-13 09:06:19,392][root][INFO] - step=5, T=Decimal('0.06'), stage=0, iter=3, loss=403923.0451397574, info=(700029.5935227659,)
[2024-11-13 09:06:19,417][root][INFO] - step=5, T=Decimal('0.06'), stage=0, iter=4, loss=433582.60338516237, info=(866923.6944825656,)
[2024-11-13 09:06:19,419][root][INFO] - step=5, T=Decimal('0.06'), stage=0, loss=433461.8472414449
[2024-11-13 09:06:19,439][root][INFO] - step=5, T=Decimal('0.06'), err=(689948.5908710279, 113289.06934578052), loss=[433461.8472414449], training_time=7.3630088528152555
[2024-11-13 09:06:19,484][root][INFO] - step=6, T=Decimal('0.07'), stage=0, iter=0, loss=83566.02590084371, info=(94519.25267482159,)
[2024-11-13 09:06:19,503][root][INFO] - step=6, T=Decimal('0.07'), stage=0, iter=1, loss=76151.02273936756, info=(151572.45139724348,)
[2024-11-13 09:06:19,526][root][INFO] - step=6, T=Decimal('0.07'), stage=0, iter=2, loss=104494.33450882178, info=(191279.88284466244,)
[2024-11-13 09:06:19,547][root][INFO] - step=6, T=Decimal('0.07'), stage=0, iter=3, loss=119440.74756049413, info=(216240.91181191214,)
[2024-11-13 09:06:19,568][root][INFO] - step=6, T=Decimal('0.07'), stage=0, iter=4, loss=128568.14582026657, info=(180500.1403765528,)
[2024-11-13 09:06:19,571][root][INFO] - step=6, T=Decimal('0.07'), stage=0, loss=90250.07018829035
[2024-11-13 09:06:19,592][root][INFO] - step=6, T=Decimal('0.07'), err=(689424.5850314172, 114097.61020508663), loss=[90250.07018829035], training_time=7.494904555846006
[2024-11-13 09:06:19,637][root][INFO] - step=7, T=Decimal('0.08'), stage=0, iter=0, loss=12889.548306662533, info=(23388.461977574458,)
[2024-11-13 09:06:19,658][root][INFO] - step=7, T=Decimal('0.08'), stage=0, iter=1, loss=22958.377705813906, info=(45517.07136459864,)
[2024-11-13 09:06:19,673][root][INFO] - step=7, T=Decimal('0.08'), stage=0, iter=2, loss=33889.28238315433, info=(67513.88737688585,)
[2024-11-13 09:06:19,697][root][INFO] - step=7, T=Decimal('0.08'), stage=0, iter=3, loss=44820.42005476397, info=(28295.711474040065,)
[2024-11-13 09:06:19,717][root][INFO] - step=7, T=Decimal('0.08'), stage=0, iter=4, loss=15641.516748038335, info=(29736.06316047414,)
[2024-11-13 09:06:19,720][root][INFO] - step=7, T=Decimal('0.08'), stage=0, loss=14868.031580419613
[2024-11-13 09:06:19,740][root][INFO] - step=7, T=Decimal('0.08'), err=(688427.9338643209, 114809.53608462156), loss=[14868.031580419613], training_time=7.622597813839093
[2024-11-13 09:06:19,784][root][INFO] - step=8, T=Decimal('0.09'), stage=0, iter=0, loss=1363.2040538563504, info=(1882.3054599685345,)
[2024-11-13 09:06:19,805][root][INFO] - step=8, T=Decimal('0.09'), stage=0, iter=1, loss=1711.3896046561367, info=(3036.495742423468,)
[2024-11-13 09:06:19,825][root][INFO] - step=8, T=Decimal('0.09'), stage=0, iter=2, loss=2100.505859429788, info=(4055.9825741659165,)
[2024-11-13 09:06:19,847][root][INFO] - step=8, T=Decimal('0.09'), stage=0, iter=3, loss=2587.2643398691466, info=(4565.162365671978,)
[2024-11-13 09:06:19,870][root][INFO] - step=8, T=Decimal('0.09'), stage=0, iter=4, loss=2776.5660048392288, info=(3813.9611874898465,)
[2024-11-13 09:06:19,873][root][INFO] - step=8, T=Decimal('0.09'), stage=0, loss=1906.9805938740637
[2024-11-13 09:06:19,893][root][INFO] - step=8, T=Decimal('0.09'), err=(688487.6414736969, 115681.62264750057), loss=[1906.9805938740637], training_time=7.755373005988076
[2024-11-13 09:06:19,939][root][INFO] - step=9, T=Decimal('0.10'), stage=0, iter=0, loss=321.79938440511177, info=(631.2840647754063,)
[2024-11-13 09:06:19,960][root][INFO] - step=9, T=Decimal('0.10'), stage=0, iter=1, loss=629.2931699800988, info=(1250.195911745471,)
[2024-11-13 09:06:19,980][root][INFO] - step=9, T=Decimal('0.10'), stage=0, iter=2, loss=936.5724087182055, info=(1870.7895761911582,)
[2024-11-13 09:06:19,995][root][INFO] - step=9, T=Decimal('0.10'), stage=0, iter=3, loss=1246.3117238065463, info=(2491.3671876783433,)
[2024-11-13 09:06:20,020][root][INFO] - step=9, T=Decimal('0.10'), stage=0, iter=4, loss=1556.4105271141004, info=(3095.9163770960117,)
[2024-11-13 09:06:20,023][root][INFO] - step=9, T=Decimal('0.10'), stage=0, loss=1547.9582070818383
[2024-11-13 09:06:20,043][root][INFO] - step=9, T=Decimal('0.10'), err=(688504.4904454197, 116533.26890441972), loss=[1547.9582070818383], training_time=7.884458674117923
[2024-11-13 09:06:20,087][root][INFO] - step=10, T=Decimal('0.11'), stage=0, iter=0, loss=308.53369538289735, info=(600.5384061392933,)
[2024-11-13 09:06:20,108][root][INFO] - step=10, T=Decimal('0.11'), stage=0, iter=1, loss=598.0451249384126, info=(1190.394244245093,)
[2024-11-13 09:06:20,130][root][INFO] - step=10, T=Decimal('0.11'), stage=0, iter=2, loss=890.4161965077379, info=(955.4677847236907,)
[2024-11-13 09:06:20,151][root][INFO] - step=10, T=Decimal('0.11'), stage=0, iter=3, loss=618.8788993099762, info=(1185.146954044321,)
[2024-11-13 09:06:20,175][root][INFO] - step=10, T=Decimal('0.11'), stage=0, iter=4, loss=731.9961352748597, info=(1064.1259455891827,)
[2024-11-13 09:06:20,179][root][INFO] - step=10, T=Decimal('0.11'), stage=0, loss=532.0629746790709
[2024-11-13 09:06:20,198][root][INFO] - step=10, T=Decimal('0.11'), err=(688538.0943886146, 117375.84569753033), loss=[532.0629746790709], training_time=8.01958575611934
[2024-11-13 09:06:20,243][root][INFO] - step=11, T=Decimal('0.12'), stage=0, iter=0, loss=94.86538362596988, info=(182.98794836825223,)
[2024-11-13 09:06:20,264][root][INFO] - step=11, T=Decimal('0.12'), stage=0, iter=1, loss=182.02490281512263, info=(355.33871101160327,)
[2024-11-13 09:06:20,283][root][INFO] - step=11, T=Decimal('0.12'), stage=0, iter=2, loss=265.8425399582797, info=(526.1769443982979,)
[2024-11-13 09:06:20,304][root][INFO] - step=11, T=Decimal('0.12'), stage=0, iter=3, loss=350.2774388525911, info=(676.6564725090711,)
[2024-11-13 09:06:20,327][root][INFO] - step=11, T=Decimal('0.12'), stage=0, iter=4, loss=421.6518870447298, info=(817.2328162955127,)
[2024-11-13 09:06:20,330][root][INFO] - step=11, T=Decimal('0.12'), stage=0, loss=408.61641555639744
[2024-11-13 09:06:20,350][root][INFO] - step=11, T=Decimal('0.12'), err=(688578.3828903453, 118208.94922266775), loss=[408.61641555639744], training_time=8.150967007037252
[2024-11-13 09:06:20,395][root][INFO] - step=12, T=Decimal('0.13'), stage=0, iter=0, loss=80.62938378357161, info=(104.38716841746124,)
[2024-11-13 09:06:20,418][root][INFO] - step=12, T=Decimal('0.13'), stage=0, iter=1, loss=97.19745316156137, info=(177.2480511514393,)
[2024-11-13 09:06:20,438][root][INFO] - step=12, T=Decimal('0.13'), stage=0, iter=2, loss=128.21040683763772, info=(196.85897170998837,)
[2024-11-13 09:06:20,460][root][INFO] - step=12, T=Decimal('0.13'), stage=0, iter=3, loss=128.31575957413284, info=(250.4476734324035,)
[2024-11-13 09:06:20,484][root][INFO] - step=12, T=Decimal('0.13'), stage=0, iter=4, loss=154.38326304090688, info=(284.1053721990863,)
[2024-11-13 09:06:20,488][root][INFO] - step=12, T=Decimal('0.13'), stage=0, loss=142.05268756138918
[2024-11-13 09:06:20,507][root][INFO] - step=12, T=Decimal('0.13'), err=(688580.7718753082, 119026.06701506686), loss=[142.05268756138918], training_time=8.288186057005078
[2024-11-13 09:06:20,551][root][INFO] - step=13, T=Decimal('0.14'), stage=0, iter=0, loss=26.790757791027286, info=(51.77777313555381,)
[2024-11-13 09:06:20,570][root][INFO] - step=13, T=Decimal('0.14'), stage=0, iter=1, loss=51.636925846013526, info=(103.26395861025689,)
[2024-11-13 09:06:20,594][root][INFO] - step=13, T=Decimal('0.14'), stage=0, iter=2, loss=77.37191834616728, info=(154.60578918422195,)
[2024-11-13 09:06:20,616][root][INFO] - step=13, T=Decimal('0.14'), stage=0, iter=3, loss=103.00869210356325, info=(205.86911976169833,)
[2024-11-13 09:06:20,635][root][INFO] - step=13, T=Decimal('0.14'), stage=0, iter=4, loss=128.62597452600355, info=(257.2505567998553,)
[2024-11-13 09:06:20,638][root][INFO] - step=13, T=Decimal('0.14'), stage=0, loss=128.62528023150077
[2024-11-13 09:06:20,658][root][INFO] - step=13, T=Decimal('0.14'), err=(688579.2412108028, 119834.06348519027), loss=[128.62528023150077], training_time=8.418899576878175
[2024-11-13 09:06:20,703][root][INFO] - step=14, T=Decimal('0.15'), stage=0, iter=0, loss=25.690805534533272, info=(51.36950069654413,)
[2024-11-13 09:06:20,723][root][INFO] - step=14, T=Decimal('0.15'), stage=0, iter=1, loss=51.368194697338524, info=(102.73463508928914,)
[2024-11-13 09:06:20,746][root][INFO] - step=14, T=Decimal('0.15'), stage=0, iter=2, loss=77.05006471981173, info=(154.09654394216378,)
[2024-11-13 09:06:20,766][root][INFO] - step=14, T=Decimal('0.15'), stage=0, iter=3, loss=102.73011111088749, info=(148.4459811256286,)
[2024-11-13 09:06:20,787][root][INFO] - step=14, T=Decimal('0.15'), stage=0, iter=4, loss=92.31891308917348, info=(183.8220813007434,)
[2024-11-13 09:06:20,790][root][INFO] - step=14, T=Decimal('0.15'), stage=0, loss=91.91104067908631
[2024-11-13 09:06:20,810][root][INFO] - step=14, T=Decimal('0.15'), err=(688568.1608441222, 120632.9450255597), loss=[91.91104067908631], training_time=8.550344744930044
[2024-11-13 09:06:20,855][root][INFO] - step=15, T=Decimal('0.16'), stage=0, iter=0, loss=17.983433573264133, info=(30.921006609647513,)
[2024-11-13 09:06:20,875][root][INFO] - step=15, T=Decimal('0.16'), stage=0, iter=1, loss=29.910836316675756, info=(59.650184333939926,)
[2024-11-13 09:06:20,895][root][INFO] - step=15, T=Decimal('0.16'), stage=0, iter=2, loss=44.22256012464935, info=(87.10070656732445,)
[2024-11-13 09:06:20,915][root][INFO] - step=15, T=Decimal('0.16'), stage=0, iter=3, loss=57.59638287250201, info=(115.16777075564075,)
[2024-11-13 09:06:20,929][root][INFO] - step=15, T=Decimal('0.16'), stage=0, iter=4, loss=71.62290297334522, info=(143.2454880293873,)
[2024-11-13 09:06:20,932][root][INFO] - step=15, T=Decimal('0.16'), stage=0, loss=71.62274401489402
[2024-11-13 09:06:20,952][root][INFO] - step=15, T=Decimal('0.16'), err=(688567.7371853569, 121427.17509872053), loss=[71.62274401489402], training_time=8.671987806912512
[2024-11-13 09:06:20,996][root][INFO] - step=16, T=Decimal('0.17'), stage=0, iter=0, loss=14.038720293265174, info=(21.83080688020049,)
[2024-11-13 09:06:21,017][root][INFO] - step=16, T=Decimal('0.17'), stage=0, iter=1, loss=21.256361953022207, info=(38.384644465992004,)
[2024-11-13 09:06:21,040][root][INFO] - step=16, T=Decimal('0.17'), stage=0, iter=2, loss=28.436124170697916, info=(53.502725487084476,)
[2024-11-13 09:06:21,052][root][INFO] - step=16, T=Decimal('0.17'), stage=0, iter=3, loss=35.406583728815114, info=(nan,)
[2024-11-13 09:06:21,267][root][INFO] - step=16, T=Decimal('0.17'), stage=0, iter=4, loss=nan, info=(nan,)
[2024-11-13 09:06:21,270][root][INFO] - step=16, T=Decimal('0.17'), stage=0, loss=nan
[2024-11-13 09:06:21,291][root][INFO] - step=16, T=Decimal('0.17'), err=(nan, nan), loss=[nan], training_time=8.989747903076932
