[2024-11-13 06:22:34,213][jax._src.xla_bridge][INFO] - Unable to initialize backend 'rocm': module 'jaxlib.xla_extension' has no attribute 'GpuAllocatorConfig'
[2024-11-13 06:22:34,214][jax._src.xla_bridge][INFO] - Unable to initialize backend 'tpu': INTERNAL: Failed to open libtpu.so: libtpu.so: cannot open shared object file: No such file or directory
[2024-11-13 06:22:38,384][root][INFO] - step=-1, T=Decimal('0'), err=(6.501884761416838, 1.0126811102426405), loss=(0, 0), training_time=0
[2024-11-13 06:22:41,437][root][INFO] - step=0, T=Decimal('0.2'), stage=0, iter=0, loss=0.01682403348157394, info=(1.851555404088103e-33,)
[2024-11-13 06:22:42,833][root][INFO] - step=0, T=Decimal('0.2'), stage=0, iter=1, loss=0.01905757187739917, info=(3.507670073534318e-32,)
[2024-11-13 06:22:42,886][root][INFO] - step=0, T=Decimal('0.2'), stage=0, iter=2, loss=0.018759510025511114, info=(2.0943174530274143e-32,)
[2024-11-13 06:22:42,937][root][INFO] - step=0, T=Decimal('0.2'), stage=0, iter=3, loss=0.018812163291034564, info=(4.538443510823516e-32,)
[2024-11-13 06:22:42,988][root][INFO] - step=0, T=Decimal('0.2'), stage=0, iter=4, loss=0.018797814660377735, info=(2.4359722412316234e-32,)
[2024-11-13 06:22:43,038][root][INFO] - step=0, T=Decimal('0.2'), stage=0, iter=5, loss=0.018777898535234074, info=(1.5412385447578974e-32,)
[2024-11-13 06:22:43,041][root][INFO] - step=0, T=Decimal('0.2'), stage=0, loss=5.348551664699266e-06
[2024-11-13 06:22:43,067][root][INFO] - step=0, T=Decimal('0.2'), err=(5.721578438526829, 1.034982210973538), loss=[5.348551664699266e-06], training_time=4.656931509962305
[2024-11-13 06:22:43,117][root][INFO] - step=1, T=Decimal('0.4'), stage=0, iter=0, loss=0.018814947562129744, info=(6.114857381240562e-32,)
[2024-11-13 06:22:43,167][root][INFO] - step=1, T=Decimal('0.4'), stage=0, iter=1, loss=0.019563115353957005, info=(2.641741116749844e-31,)
[2024-11-13 06:22:43,218][root][INFO] - step=1, T=Decimal('0.4'), stage=0, iter=2, loss=0.020440595333144147, info=(9.257695097471587e-32,)
[2024-11-13 06:22:43,268][root][INFO] - step=1, T=Decimal('0.4'), stage=0, iter=3, loss=0.02103946624116282, info=(7.381860020338995e-32,)
[2024-11-13 06:22:43,319][root][INFO] - step=1, T=Decimal('0.4'), stage=0, iter=4, loss=0.02108337160213354, info=(3.4640125806867624e-31,)
[2024-11-13 06:22:43,370][root][INFO] - step=1, T=Decimal('0.4'), stage=0, iter=5, loss=0.021022901693752098, info=(3.6626579604390003e-31,)
[2024-11-13 06:22:43,373][root][INFO] - step=1, T=Decimal('0.4'), stage=0, loss=0.00017314676438745855
[2024-11-13 06:22:43,390][root][INFO] - step=1, T=Decimal('0.4'), err=(5.49539989512762, 1.1180039584244705), loss=[0.00017314676438745855], training_time=4.960561245912686
[2024-11-13 06:22:43,439][root][INFO] - step=2, T=Decimal('0.6'), stage=0, iter=0, loss=0.020901187188380257, info=(7.991455521501695e-31,)
[2024-11-13 06:22:43,491][root][INFO] - step=2, T=Decimal('0.6'), stage=0, iter=1, loss=0.03214465582251721, info=(4.559329188986357e-30,)
[2024-11-13 06:22:43,543][root][INFO] - step=2, T=Decimal('0.6'), stage=0, iter=2, loss=0.277764605964339, info=(1.3977327580151084e-29,)
[2024-11-13 06:22:43,595][root][INFO] - step=2, T=Decimal('0.6'), stage=0, iter=3, loss=0.1823001787659445, info=(1.0992726640076244e-29,)
[2024-11-13 06:22:43,646][root][INFO] - step=2, T=Decimal('0.6'), stage=0, iter=4, loss=0.18420474116749241, info=(1.075992985804844e-29,)
[2024-11-13 06:22:43,698][root][INFO] - step=2, T=Decimal('0.6'), stage=0, iter=5, loss=0.16595412005708662, info=(2.9136214496543554e-29,)
[2024-11-13 06:22:43,700][root][INFO] - step=2, T=Decimal('0.6'), stage=0, loss=0.04481535575444694
[2024-11-13 06:22:43,720][root][INFO] - step=2, T=Decimal('0.6'), err=(3.9711696852745497, 0.9049808489327108), loss=[0.04481535575444694], training_time=5.270207979949191
[2024-11-13 06:22:43,769][root][INFO] - step=3, T=Decimal('0.8'), stage=0, iter=0, loss=0.0998749307597567, info=(3.7099880649805095e-30,)
[2024-11-13 06:22:43,819][root][INFO] - step=3, T=Decimal('0.8'), stage=0, iter=1, loss=0.08304704584169217, info=(1.723052845157349e-28,)
[2024-11-13 06:22:43,879][root][INFO] - step=3, T=Decimal('0.8'), stage=0, iter=2, loss=16.25881266923745, info=(3.374599041115759e-27,)
[2024-11-13 06:22:43,939][root][INFO] - step=3, T=Decimal('0.8'), stage=0, iter=3, loss=13.19376187763946, info=(2.330141039627318e-27,)
[2024-11-13 06:22:43,998][root][INFO] - step=3, T=Decimal('0.8'), stage=0, iter=4, loss=10.461568572613551, info=(2.9864455793800005e-27,)
[2024-11-13 06:22:44,059][root][INFO] - step=3, T=Decimal('0.8'), stage=0, iter=5, loss=3.5007699831301458, info=(1.8373427521422617e-27,)
[2024-11-13 06:22:44,062][root][INFO] - step=3, T=Decimal('0.8'), stage=0, loss=0.45472340183809495
[2024-11-13 06:22:44,081][root][INFO] - step=3, T=Decimal('0.8'), err=(24.455214660990414, 6.244458971687536), loss=[0.45472340183809495], training_time=5.61132822278887
[2024-11-13 06:22:44,126][root][INFO] - step=4, T=Decimal('1.0'), stage=0, iter=0, loss=1.814322171872855, info=(7.975945160363217e-28,)
[2024-11-13 06:22:44,177][root][INFO] - step=4, T=Decimal('1.0'), stage=0, iter=1, loss=68.05600263880594, info=(4.236756933318842e-24,)
[2024-11-13 06:22:44,223][root][INFO] - step=4, T=Decimal('1.0'), stage=0, iter=2, loss=37.3684611940252, info=(8.37729530334424e-25,)
[2024-11-13 06:22:44,264][root][INFO] - step=4, T=Decimal('1.0'), stage=0, iter=3, loss=117.77393030668756, info=(2.430589658828406e-23,)
[2024-11-13 06:22:44,306][root][INFO] - step=4, T=Decimal('1.0'), stage=0, iter=4, loss=170.58632468216135, info=(3.7205473256366515e-21,)
[2024-11-13 06:22:44,358][root][INFO] - step=4, T=Decimal('1.0'), stage=0, iter=5, loss=1048.717717829496, info=(1.0481093881015334e-16,)
[2024-11-13 06:22:44,361][root][INFO] - step=4, T=Decimal('1.0'), stage=0, loss=349.81636330951847
[2024-11-13 06:22:44,381][root][INFO] - step=4, T=Decimal('1.0'), err=(579.0887609315113, 165.78649929744964), loss=[349.81636330951847], training_time=5.890732974978164
[2024-11-13 06:22:44,423][root][INFO] - step=5, T=Decimal('1.2'), stage=0, iter=0, loss=543.0925177236425, info=(6.196255891478165e-29,)
[2024-11-13 06:22:44,448][root][INFO] - step=5, T=Decimal('1.2'), stage=0, iter=1, loss=507.2302958117735, info=(2.0052782580959897e-28,)
[2024-11-13 06:22:44,475][root][INFO] - step=5, T=Decimal('1.2'), stage=0, iter=2, loss=543.092531078209, info=(1.5155281399339155e-27,)
[2024-11-13 06:22:44,503][root][INFO] - step=5, T=Decimal('1.2'), stage=0, iter=3, loss=473.1841633615079, info=(0.5235961046372637,)
[2024-11-13 06:22:44,524][root][INFO] - step=5, T=Decimal('1.2'), stage=0, iter=4, loss=581.3930080581289, info=(0.15372583194276218,)
[2024-11-13 06:22:44,539][root][INFO] - step=5, T=Decimal('1.2'), stage=0, iter=5, loss=476.8462491529747, info=(0.4794711781617143,)
[2024-11-13 06:22:44,542][root][INFO] - step=5, T=Decimal('1.2'), stage=0, loss=5.909836294822497
[2024-11-13 06:22:44,561][root][INFO] - step=5, T=Decimal('1.2'), err=(543.3392652643884, 174.48065970388797), loss=[5.909836294822497], training_time=6.050997570157051
[2024-11-13 06:22:44,604][root][INFO] - step=6, T=Decimal('1.4'), stage=0, iter=0, loss=503.7067774221557, info=(7.09235257600266e-29,)
[2024-11-13 06:22:44,624][root][INFO] - step=6, T=Decimal('1.4'), stage=0, iter=1, loss=488.8402723763471, info=(2.7665598465133766e-29,)
[2024-11-13 06:22:44,640][root][INFO] - step=6, T=Decimal('1.4'), stage=0, iter=2, loss=527.00246229434, info=(4.217940652603598e-29,)
[2024-11-13 06:22:44,659][root][INFO] - step=6, T=Decimal('1.4'), stage=0, iter=3, loss=514.9605925410114, info=(2.5054037460544677e-29,)
[2024-11-13 06:22:44,678][root][INFO] - step=6, T=Decimal('1.4'), stage=0, iter=4, loss=533.6875555869455, info=(1.5156298290349788e-29,)
[2024-11-13 06:22:44,696][root][INFO] - step=6, T=Decimal('1.4'), stage=0, iter=5, loss=507.83013081037865, info=(1.8905159445698436e-28,)
[2024-11-13 06:22:44,699][root][INFO] - step=6, T=Decimal('1.4'), stage=0, loss=0.10867803181617255
[2024-11-13 06:22:44,718][root][INFO] - step=6, T=Decimal('1.4'), err=(539.1526950549786, 194.2532990018392), loss=[0.10867803181617255], training_time=6.187961186049506
[2024-11-13 06:22:44,761][root][INFO] - step=7, T=Decimal('1.6'), stage=0, iter=0, loss=518.4805611143084, info=(5.724634166696621e-29,)
[2024-11-13 06:22:44,781][root][INFO] - step=7, T=Decimal('1.6'), stage=0, iter=1, loss=452.31930957374243, info=(1.9404129375690281e-29,)
[2024-11-13 06:22:44,800][root][INFO] - step=7, T=Decimal('1.6'), stage=0, iter=2, loss=465.0880631897842, info=(5.250624288784033e-29,)
[2024-11-13 06:22:44,817][root][INFO] - step=7, T=Decimal('1.6'), stage=0, iter=3, loss=424.5689532137734, info=(2.1816934410018608e-30,)
[2024-11-13 06:22:44,830][root][INFO] - step=7, T=Decimal('1.6'), stage=0, iter=4, loss=437.18972904797, info=(3.787764940225265e-29,)
[2024-11-13 06:22:44,851][root][INFO] - step=7, T=Decimal('1.6'), stage=0, iter=5, loss=428.9048951279384, info=(1.7964304149266384e-29,)
[2024-11-13 06:22:44,854][root][INFO] - step=7, T=Decimal('1.6'), stage=0, loss=1.367041015294515
[2024-11-13 06:22:44,873][root][INFO] - step=7, T=Decimal('1.6'), err=(521.0586115440639, 210.6588858347487), loss=[1.367041015294515], training_time=6.323249418986961
[2024-11-13 06:22:44,916][root][INFO] - step=8, T=Decimal('1.8'), stage=0, iter=0, loss=438.59119405568265, info=(2.6998456332398027e-29,)
[2024-11-13 06:22:44,935][root][INFO] - step=8, T=Decimal('1.8'), stage=0, iter=1, loss=417.44361408453256, info=(7.784608835213209e-30,)
[2024-11-13 06:22:44,952][root][INFO] - step=8, T=Decimal('1.8'), stage=0, iter=2, loss=441.1479594823637, info=(9.551842152182935e-30,)
[2024-11-13 06:22:44,969][root][INFO] - step=8, T=Decimal('1.8'), stage=0, iter=3, loss=426.6015889296677, info=(1.540743955509789e-31,)
[2024-11-13 06:22:44,988][root][INFO] - step=8, T=Decimal('1.8'), stage=0, iter=4, loss=444.0952107509821, info=(3.981205343839519e-29,)
[2024-11-13 06:22:45,006][root][INFO] - step=8, T=Decimal('1.8'), stage=0, iter=5, loss=430.9369635239379, info=(9.12428570452897e-29,)
[2024-11-13 06:22:45,008][root][INFO] - step=8, T=Decimal('1.8'), stage=0, loss=0.2311171946288389
[2024-11-13 06:22:45,027][root][INFO] - step=8, T=Decimal('1.8'), err=(514.8636236359451, 233.58785748054308), loss=[0.2311171946288389], training_time=6.458214446902275
[2024-11-13 06:22:45,070][root][INFO] - step=9, T=Decimal('2.0'), stage=0, iter=0, loss=444.9475674240445, info=(1.4513808060902207e-29,)
[2024-11-13 06:22:45,089][root][INFO] - step=9, T=Decimal('2.0'), stage=0, iter=1, loss=419.505659182942, info=(6.344783608789308e-30,)
[2024-11-13 06:22:45,106][root][INFO] - step=9, T=Decimal('2.0'), stage=0, iter=2, loss=425.65747051822524, info=(2.2433231992222523e-29,)
[2024-11-13 06:22:45,124][root][INFO] - step=9, T=Decimal('2.0'), stage=0, iter=3, loss=419.50565910845444, info=(1.598213705050304e-29,)
[2024-11-13 06:22:45,144][root][INFO] - step=9, T=Decimal('2.0'), stage=0, iter=4, loss=432.6882080231748, info=(3.878976982391444e-29,)
[2024-11-13 06:22:45,162][root][INFO] - step=9, T=Decimal('2.0'), stage=0, iter=5, loss=419.23566629002875, info=(3.743160402713256e-29,)
[2024-11-13 06:22:45,164][root][INFO] - step=9, T=Decimal('2.0'), stage=0, loss=0.21382371736688097
[2024-11-13 06:22:45,184][root][INFO] - step=9, T=Decimal('2.0'), err=(509.22838053218004, 259.2690440529385), loss=[0.21382371736688097], training_time=6.594836842035875
[2024-11-13 06:22:45,185][root][INFO] - Total time: 11.58 seconds
